<?xml version="1.0" encoding="UTF-8"?>
<coverage generated="1748809719209" clover="3.2.0">
  <project timestamp="1748809719209" name="All files">
    <metrics statements="5178" coveredstatements="4520" conditionals="498" coveredconditionals="411" methods="189" coveredmethods="107" elements="5865" coveredelements="5038" complexity="0" loc="5178" ncloc="5178" packages="16" files="38" classes="38"/>
    <package name="src">
      <metrics statements="24" coveredstatements="24" conditionals="10" coveredconditionals="7" methods="3" coveredmethods="3"/>
      <file name="test-utils.tsx" path="C:\Users\j.weber\OneDrive - shopware AG\Dokumente\Programmieren\VibeFC\src\test-utils.tsx">
        <metrics statements="24" coveredstatements="24" conditionals="10" coveredconditionals="7" methods="3" coveredmethods="3"/>
        <line num="1" count="1" type="stmt"/>
        <line num="2" count="1" type="stmt"/>
        <line num="3" count="1" type="stmt"/>
        <line num="4" count="1" type="stmt"/>
        <line num="5" count="1" type="stmt"/>
        <line num="6" count="1" type="cond" truecount="1" falsecount="0"/>
        <line num="7" count="110" type="stmt"/>
        <line num="8" count="110" type="stmt"/>
        <line num="9" count="110" type="stmt"/>
        <line num="10" count="110" type="stmt"/>
        <line num="11" count="110" type="stmt"/>
        <line num="12" count="110" type="stmt"/>
        <line num="13" count="1" type="stmt"/>
        <line num="14" count="1" type="cond" truecount="1" falsecount="0"/>
        <line num="15" count="93" type="stmt"/>
        <line num="16" count="93" type="stmt"/>
        <line num="17" count="1" type="stmt"/>
        <line num="18" count="1" type="stmt"/>
        <line num="19" count="1" type="stmt"/>
        <line num="20" count="241" type="cond" truecount="5" falsecount="3"/>
        <line num="21" count="1" type="stmt"/>
        <line num="22" count="1" type="stmt"/>
        <line num="23" count="1" type="stmt"/>
        <line num="24" count="1" type="stmt"/>
      </file>
    </package>
    <package name="src.app">
      <metrics statements="269" coveredstatements="267" conditionals="7" coveredconditionals="6" methods="2" coveredmethods="2"/>
      <file name="page.tsx" path="C:\Users\j.weber\OneDrive - shopware AG\Dokumente\Programmieren\VibeFC\src\app\page.tsx">
        <metrics statements="269" coveredstatements="267" conditionals="7" coveredconditionals="6" methods="2" coveredmethods="2"/>
        <line num="1" count="1" type="stmt"/>
        <line num="2" count="1" type="stmt"/>
        <line num="3" count="1" type="stmt"/>
        <line num="4" count="1" type="stmt"/>
        <line num="5" count="1" type="stmt"/>
        <line num="6" count="1" type="stmt"/>
        <line num="7" count="1" type="cond" truecount="1" falsecount="0"/>
        <line num="8" count="5" type="stmt"/>
        <line num="9" count="5" type="stmt"/>
        <line num="10" count="5" type="stmt"/>
        <line num="11" count="5" type="stmt"/>
        <line num="12" count="5" type="cond" truecount="1" falsecount="0"/>
        <line num="13" count="5" type="stmt"/>
        <line num="14" count="5" type="stmt"/>
        <line num="15" count="5" type="stmt"/>
        <line num="16" count="5" type="stmt"/>
        <line num="17" count="5" type="stmt"/>
        <line num="18" count="5" type="cond" truecount="1" falsecount="0"/>
        <line num="19" count="1" type="stmt"/>
        <line num="20" count="1" type="stmt"/>
        <line num="21" count="1" type="stmt"/>
        <line num="22" count="1" type="stmt"/>
        <line num="23" count="1" type="stmt"/>
        <line num="24" count="1" type="stmt"/>
        <line num="25" count="1" type="stmt"/>
        <line num="26" count="1" type="stmt"/>
        <line num="27" count="1" type="stmt"/>
        <line num="28" count="1" type="cond" truecount="1" falsecount="0"/>
        <line num="29" count="4" type="stmt"/>
        <line num="30" count="4" type="stmt"/>
        <line num="31" count="5" type="cond" truecount="1" falsecount="0"/>
        <line num="32" count="2" type="stmt"/>
        <line num="33" count="2" type="stmt"/>
        <line num="34" count="2" type="stmt"/>
        <line num="35" count="2" type="stmt"/>
        <line num="36" count="2" type="stmt"/>
        <line num="37" count="2" type="stmt"/>
        <line num="38" count="2" type="stmt"/>
        <line num="39" count="2" type="stmt"/>
        <line num="40" count="2" type="stmt"/>
        <line num="41" count="2" type="stmt"/>
        <line num="42" count="2" type="stmt"/>
        <line num="43" count="2" type="stmt"/>
        <line num="44" count="2" type="stmt"/>
        <line num="45" count="2" type="stmt"/>
        <line num="46" count="2" type="stmt"/>
        <line num="47" count="2" type="stmt"/>
        <line num="48" count="2" type="stmt"/>
        <line num="49" count="2" type="stmt"/>
        <line num="50" count="2" type="stmt"/>
        <line num="51" count="2" type="stmt"/>
        <line num="52" count="2" type="stmt"/>
        <line num="53" count="2" type="stmt"/>
        <line num="54" count="2" type="stmt"/>
        <line num="55" count="2" type="stmt"/>
        <line num="56" count="2" type="stmt"/>
        <line num="57" count="2" type="stmt"/>
        <line num="58" count="2" type="cond" truecount="1" falsecount="0"/>
        <line num="59" count="1" type="stmt"/>
        <line num="60" count="1" type="stmt"/>
        <line num="61" count="1" type="stmt"/>
        <line num="62" count="1" type="stmt"/>
        <line num="63" count="1" type="cond" truecount="0" falsecount="1"/>
        <line num="64" count="0" type="stmt"/>
        <line num="65" count="0" type="stmt"/>
        <line num="66" count="1" type="stmt"/>
        <line num="67" count="2" type="stmt"/>
        <line num="68" count="2" type="stmt"/>
        <line num="69" count="2" type="stmt"/>
        <line num="70" count="2" type="stmt"/>
        <line num="71" count="2" type="stmt"/>
        <line num="72" count="2" type="stmt"/>
        <line num="73" count="2" type="stmt"/>
        <line num="74" count="2" type="stmt"/>
        <line num="75" count="2" type="stmt"/>
        <line num="76" count="2" type="stmt"/>
        <line num="77" count="2" type="stmt"/>
        <line num="78" count="2" type="stmt"/>
        <line num="79" count="2" type="stmt"/>
        <line num="80" count="2" type="stmt"/>
        <line num="81" count="2" type="stmt"/>
        <line num="82" count="2" type="stmt"/>
        <line num="83" count="2" type="stmt"/>
        <line num="84" count="2" type="stmt"/>
        <line num="85" count="2" type="stmt"/>
        <line num="86" count="2" type="stmt"/>
        <line num="87" count="2" type="stmt"/>
        <line num="88" count="2" type="stmt"/>
        <line num="89" count="2" type="stmt"/>
        <line num="90" count="2" type="stmt"/>
        <line num="91" count="2" type="stmt"/>
        <line num="92" count="2" type="stmt"/>
        <line num="93" count="2" type="stmt"/>
        <line num="94" count="2" type="stmt"/>
        <line num="95" count="2" type="stmt"/>
        <line num="96" count="2" type="stmt"/>
        <line num="97" count="2" type="stmt"/>
        <line num="98" count="2" type="stmt"/>
        <line num="99" count="2" type="stmt"/>
        <line num="100" count="2" type="stmt"/>
        <line num="101" count="2" type="stmt"/>
        <line num="102" count="2" type="stmt"/>
        <line num="103" count="2" type="stmt"/>
        <line num="104" count="2" type="stmt"/>
        <line num="105" count="2" type="stmt"/>
        <line num="106" count="2" type="stmt"/>
        <line num="107" count="2" type="stmt"/>
        <line num="108" count="2" type="stmt"/>
        <line num="109" count="2" type="stmt"/>
        <line num="110" count="2" type="stmt"/>
        <line num="111" count="2" type="stmt"/>
        <line num="112" count="2" type="stmt"/>
        <line num="113" count="2" type="stmt"/>
        <line num="114" count="2" type="stmt"/>
        <line num="115" count="2" type="stmt"/>
        <line num="116" count="2" type="stmt"/>
        <line num="117" count="2" type="stmt"/>
        <line num="118" count="2" type="stmt"/>
        <line num="119" count="2" type="stmt"/>
        <line num="120" count="2" type="stmt"/>
        <line num="121" count="2" type="stmt"/>
        <line num="122" count="2" type="stmt"/>
        <line num="123" count="2" type="stmt"/>
        <line num="124" count="2" type="stmt"/>
        <line num="125" count="2" type="stmt"/>
        <line num="126" count="2" type="stmt"/>
        <line num="127" count="2" type="stmt"/>
        <line num="128" count="2" type="stmt"/>
        <line num="129" count="2" type="stmt"/>
        <line num="130" count="2" type="stmt"/>
        <line num="131" count="2" type="stmt"/>
        <line num="132" count="2" type="stmt"/>
        <line num="133" count="2" type="stmt"/>
        <line num="134" count="2" type="stmt"/>
        <line num="135" count="2" type="stmt"/>
        <line num="136" count="2" type="stmt"/>
        <line num="137" count="2" type="stmt"/>
        <line num="138" count="2" type="stmt"/>
        <line num="139" count="2" type="stmt"/>
        <line num="140" count="2" type="stmt"/>
        <line num="141" count="2" type="stmt"/>
        <line num="142" count="2" type="stmt"/>
        <line num="143" count="2" type="stmt"/>
        <line num="144" count="2" type="stmt"/>
        <line num="145" count="2" type="stmt"/>
        <line num="146" count="2" type="stmt"/>
        <line num="147" count="2" type="stmt"/>
        <line num="148" count="2" type="stmt"/>
        <line num="149" count="2" type="stmt"/>
        <line num="150" count="2" type="stmt"/>
        <line num="151" count="2" type="stmt"/>
        <line num="152" count="2" type="stmt"/>
        <line num="153" count="2" type="stmt"/>
        <line num="154" count="2" type="stmt"/>
        <line num="155" count="2" type="stmt"/>
        <line num="156" count="2" type="stmt"/>
        <line num="157" count="2" type="stmt"/>
        <line num="158" count="2" type="stmt"/>
        <line num="159" count="2" type="stmt"/>
        <line num="160" count="2" type="stmt"/>
        <line num="161" count="2" type="stmt"/>
        <line num="162" count="2" type="stmt"/>
        <line num="163" count="2" type="stmt"/>
        <line num="164" count="2" type="stmt"/>
        <line num="165" count="2" type="stmt"/>
        <line num="166" count="2" type="stmt"/>
        <line num="167" count="2" type="stmt"/>
        <line num="168" count="2" type="stmt"/>
        <line num="169" count="2" type="stmt"/>
        <line num="170" count="2" type="stmt"/>
        <line num="171" count="2" type="stmt"/>
        <line num="172" count="2" type="stmt"/>
        <line num="173" count="2" type="stmt"/>
        <line num="174" count="2" type="stmt"/>
        <line num="175" count="2" type="stmt"/>
        <line num="176" count="2" type="stmt"/>
        <line num="177" count="2" type="stmt"/>
        <line num="178" count="2" type="stmt"/>
        <line num="179" count="2" type="stmt"/>
        <line num="180" count="2" type="stmt"/>
        <line num="181" count="2" type="stmt"/>
        <line num="182" count="2" type="stmt"/>
        <line num="183" count="2" type="stmt"/>
        <line num="184" count="2" type="stmt"/>
        <line num="185" count="2" type="stmt"/>
        <line num="186" count="2" type="stmt"/>
        <line num="187" count="2" type="stmt"/>
        <line num="188" count="2" type="stmt"/>
        <line num="189" count="2" type="stmt"/>
        <line num="190" count="2" type="stmt"/>
        <line num="191" count="2" type="stmt"/>
        <line num="192" count="2" type="stmt"/>
        <line num="193" count="2" type="stmt"/>
        <line num="194" count="2" type="stmt"/>
        <line num="195" count="2" type="stmt"/>
        <line num="196" count="2" type="stmt"/>
        <line num="197" count="2" type="stmt"/>
        <line num="198" count="2" type="stmt"/>
        <line num="199" count="2" type="stmt"/>
        <line num="200" count="2" type="stmt"/>
        <line num="201" count="2" type="stmt"/>
        <line num="202" count="2" type="stmt"/>
        <line num="203" count="2" type="stmt"/>
        <line num="204" count="2" type="stmt"/>
        <line num="205" count="2" type="stmt"/>
        <line num="206" count="2" type="stmt"/>
        <line num="207" count="2" type="stmt"/>
        <line num="208" count="2" type="stmt"/>
        <line num="209" count="2" type="stmt"/>
        <line num="210" count="2" type="stmt"/>
        <line num="211" count="2" type="stmt"/>
        <line num="212" count="2" type="stmt"/>
        <line num="213" count="2" type="stmt"/>
        <line num="214" count="2" type="stmt"/>
        <line num="215" count="2" type="stmt"/>
        <line num="216" count="2" type="stmt"/>
        <line num="217" count="2" type="stmt"/>
        <line num="218" count="2" type="stmt"/>
        <line num="219" count="2" type="stmt"/>
        <line num="220" count="2" type="stmt"/>
        <line num="221" count="2" type="stmt"/>
        <line num="222" count="2" type="stmt"/>
        <line num="223" count="2" type="stmt"/>
        <line num="224" count="2" type="stmt"/>
        <line num="225" count="2" type="stmt"/>
        <line num="226" count="2" type="stmt"/>
        <line num="227" count="2" type="stmt"/>
        <line num="228" count="2" type="stmt"/>
        <line num="229" count="2" type="stmt"/>
        <line num="230" count="2" type="stmt"/>
        <line num="231" count="2" type="stmt"/>
        <line num="232" count="2" type="stmt"/>
        <line num="233" count="2" type="stmt"/>
        <line num="234" count="2" type="stmt"/>
        <line num="235" count="2" type="stmt"/>
        <line num="236" count="2" type="stmt"/>
        <line num="237" count="2" type="stmt"/>
        <line num="238" count="2" type="stmt"/>
        <line num="239" count="2" type="stmt"/>
        <line num="240" count="2" type="stmt"/>
        <line num="241" count="2" type="stmt"/>
        <line num="242" count="2" type="stmt"/>
        <line num="243" count="2" type="stmt"/>
        <line num="244" count="2" type="stmt"/>
        <line num="245" count="2" type="stmt"/>
        <line num="246" count="2" type="stmt"/>
        <line num="247" count="2" type="stmt"/>
        <line num="248" count="2" type="stmt"/>
        <line num="249" count="2" type="stmt"/>
        <line num="250" count="2" type="stmt"/>
        <line num="251" count="2" type="stmt"/>
        <line num="252" count="2" type="stmt"/>
        <line num="253" count="2" type="stmt"/>
        <line num="254" count="2" type="stmt"/>
        <line num="255" count="2" type="stmt"/>
        <line num="256" count="2" type="stmt"/>
        <line num="257" count="2" type="stmt"/>
        <line num="258" count="2" type="stmt"/>
        <line num="259" count="2" type="stmt"/>
        <line num="260" count="2" type="stmt"/>
        <line num="261" count="2" type="stmt"/>
        <line num="262" count="2" type="stmt"/>
        <line num="263" count="2" type="stmt"/>
        <line num="264" count="2" type="stmt"/>
        <line num="265" count="2" type="stmt"/>
        <line num="266" count="2" type="stmt"/>
        <line num="267" count="2" type="stmt"/>
        <line num="268" count="2" type="stmt"/>
        <line num="269" count="2" type="stmt"/>
      </file>
    </package>
    <package name="src.app.(protected).data-intake">
      <metrics statements="398" coveredstatements="306" conditionals="18" coveredconditionals="16" methods="13" coveredmethods="8"/>
      <file name="delete-confirmation-modal.tsx" path="C:\Users\j.weber\OneDrive - shopware AG\Dokumente\Programmieren\VibeFC\src\app\(protected)\data-intake\delete-confirmation-modal.tsx">
        <metrics statements="67" coveredstatements="67" conditionals="4" coveredconditionals="4" methods="2" coveredmethods="2"/>
        <line num="1" count="1" type="stmt"/>
        <line num="2" count="1" type="stmt"/>
        <line num="3" count="1" type="stmt"/>
        <line num="4" count="1" type="stmt"/>
        <line num="5" count="1" type="stmt"/>
        <line num="6" count="1" type="stmt"/>
        <line num="7" count="1" type="stmt"/>
        <line num="8" count="1" type="stmt"/>
        <line num="9" count="1" type="stmt"/>
        <line num="10" count="1" type="stmt"/>
        <line num="11" count="1" type="stmt"/>
        <line num="12" count="1" type="stmt"/>
        <line num="13" count="1" type="stmt"/>
        <line num="14" count="1" type="stmt"/>
        <line num="15" count="1" type="stmt"/>
        <line num="16" count="1" type="stmt"/>
        <line num="17" count="1" type="stmt"/>
        <line num="18" count="1" type="stmt"/>
        <line num="19" count="1" type="stmt"/>
        <line num="20" count="1" type="stmt"/>
        <line num="21" count="1" type="stmt"/>
        <line num="22" count="1" type="cond" truecount="1" falsecount="0"/>
        <line num="23" count="19" type="stmt"/>
        <line num="24" count="19" type="stmt"/>
        <line num="25" count="19" type="stmt"/>
        <line num="26" count="19" type="stmt"/>
        <line num="27" count="19" type="stmt"/>
        <line num="28" count="19" type="cond" truecount="1" falsecount="0"/>
        <line num="29" count="2" type="stmt"/>
        <line num="30" count="2" type="stmt"/>
        <line num="31" count="2" type="stmt"/>
        <line num="32" count="19" type="stmt"/>
        <line num="33" count="19" type="cond" truecount="1" falsecount="0"/>
        <line num="34" count="5" type="cond" truecount="1" falsecount="0"/>
        <line num="35" count="5" type="stmt"/>
        <line num="36" count="5" type="stmt"/>
        <line num="37" count="5" type="stmt"/>
        <line num="38" count="5" type="stmt"/>
        <line num="39" count="5" type="stmt"/>
        <line num="40" count="5" type="stmt"/>
        <line num="41" count="5" type="stmt"/>
        <line num="42" count="5" type="stmt"/>
        <line num="43" count="5" type="stmt"/>
        <line num="44" count="5" type="stmt"/>
        <line num="45" count="5" type="stmt"/>
        <line num="46" count="5" type="stmt"/>
        <line num="47" count="5" type="stmt"/>
        <line num="48" count="5" type="stmt"/>
        <line num="49" count="5" type="stmt"/>
        <line num="50" count="5" type="stmt"/>
        <line num="51" count="5" type="stmt"/>
        <line num="52" count="5" type="stmt"/>
        <line num="53" count="5" type="stmt"/>
        <line num="54" count="5" type="stmt"/>
        <line num="55" count="5" type="stmt"/>
        <line num="56" count="5" type="stmt"/>
        <line num="57" count="5" type="stmt"/>
        <line num="58" count="5" type="stmt"/>
        <line num="59" count="5" type="stmt"/>
        <line num="60" count="5" type="stmt"/>
        <line num="61" count="5" type="stmt"/>
        <line num="62" count="5" type="stmt"/>
        <line num="63" count="5" type="stmt"/>
        <line num="64" count="5" type="stmt"/>
        <line num="65" count="5" type="stmt"/>
        <line num="66" count="5" type="stmt"/>
        <line num="67" count="5" type="stmt"/>
      </file>
      <file name="import-modal.tsx" path="C:\Users\j.weber\OneDrive - shopware AG\Dokumente\Programmieren\VibeFC\src\app\(protected)\data-intake\import-modal.tsx">
        <metrics statements="260" coveredstatements="213" conditionals="11" coveredconditionals="10" methods="10" coveredmethods="5"/>
        <line num="1" count="1" type="stmt"/>
        <line num="2" count="1" type="stmt"/>
        <line num="3" count="1" type="stmt"/>
        <line num="4" count="1" type="stmt"/>
        <line num="5" count="1" type="stmt"/>
        <line num="6" count="1" type="stmt"/>
        <line num="7" count="1" type="stmt"/>
        <line num="8" count="1" type="stmt"/>
        <line num="9" count="1" type="stmt"/>
        <line num="10" count="1" type="stmt"/>
        <line num="11" count="1" type="stmt"/>
        <line num="12" count="1" type="stmt"/>
        <line num="13" count="1" type="stmt"/>
        <line num="14" count="1" type="stmt"/>
        <line num="15" count="1" type="stmt"/>
        <line num="16" count="1" type="stmt"/>
        <line num="17" count="1" type="stmt"/>
        <line num="18" count="1" type="stmt"/>
        <line num="19" count="1" type="stmt"/>
        <line num="20" count="1" type="stmt"/>
        <line num="21" count="1" type="stmt"/>
        <line num="22" count="1" type="stmt"/>
        <line num="23" count="1" type="stmt"/>
        <line num="24" count="1" type="stmt"/>
        <line num="25" count="1" type="stmt"/>
        <line num="26" count="1" type="stmt"/>
        <line num="27" count="1" type="stmt"/>
        <line num="28" count="1" type="stmt"/>
        <line num="29" count="1" type="stmt"/>
        <line num="30" count="1" type="stmt"/>
        <line num="31" count="1" type="stmt"/>
        <line num="32" count="1" type="stmt"/>
        <line num="33" count="1" type="stmt"/>
        <line num="34" count="1" type="stmt"/>
        <line num="35" count="1" type="stmt"/>
        <line num="36" count="1" type="stmt"/>
        <line num="37" count="1" type="stmt"/>
        <line num="38" count="1" type="stmt"/>
        <line num="39" count="1" type="stmt"/>
        <line num="40" count="1" type="stmt"/>
        <line num="41" count="1" type="cond" truecount="1" falsecount="0"/>
        <line num="42" count="22" type="stmt"/>
        <line num="43" count="22" type="stmt"/>
        <line num="44" count="22" type="stmt"/>
        <line num="45" count="22" type="stmt"/>
        <line num="46" count="22" type="stmt"/>
        <line num="47" count="22" type="stmt"/>
        <line num="48" count="22" type="stmt"/>
        <line num="49" count="22" type="stmt"/>
        <line num="50" count="22" type="cond" truecount="1" falsecount="0"/>
        <line num="51" count="11" type="stmt"/>
        <line num="52" count="11" type="stmt"/>
        <line num="53" count="11" type="cond" truecount="1" falsecount="0"/>
        <line num="54" count="20" type="stmt"/>
        <line num="55" count="20" type="stmt"/>
        <line num="56" count="11" type="stmt"/>
        <line num="57" count="11" type="stmt"/>
        <line num="58" count="11" type="stmt"/>
        <line num="59" count="22" type="stmt"/>
        <line num="60" count="22" type="stmt"/>
        <line num="61" count="22" type="stmt"/>
        <line num="62" count="0" type="stmt"/>
        <line num="63" count="0" type="stmt"/>
        <line num="64" count="0" type="stmt"/>
        <line num="65" count="0" type="stmt"/>
        <line num="66" count="0" type="stmt"/>
        <line num="67" count="0" type="stmt"/>
        <line num="68" count="0" type="stmt"/>
        <line num="69" count="0" type="stmt"/>
        <line num="70" count="0" type="stmt"/>
        <line num="71" count="0" type="stmt"/>
        <line num="72" count="22" type="stmt"/>
        <line num="73" count="22" type="stmt"/>
        <line num="74" count="0" type="stmt"/>
        <line num="75" count="0" type="stmt"/>
        <line num="76" count="0" type="stmt"/>
        <line num="77" count="0" type="stmt"/>
        <line num="78" count="0" type="stmt"/>
        <line num="79" count="0" type="stmt"/>
        <line num="80" count="0" type="stmt"/>
        <line num="81" count="0" type="stmt"/>
        <line num="82" count="0" type="stmt"/>
        <line num="83" count="22" type="stmt"/>
        <line num="84" count="22" type="cond" truecount="1" falsecount="0"/>
        <line num="85" count="2" type="stmt"/>
        <line num="86" count="2" type="stmt"/>
        <line num="87" count="2" type="stmt"/>
        <line num="88" count="22" type="stmt"/>
        <line num="89" count="22" type="cond" truecount="1" falsecount="0"/>
        <line num="90" count="20" type="cond" truecount="1" falsecount="0"/>
        <line num="91" count="20" type="stmt"/>
        <line num="92" count="20" type="stmt"/>
        <line num="93" count="20" type="stmt"/>
        <line num="94" count="20" type="stmt"/>
        <line num="95" count="20" type="stmt"/>
        <line num="96" count="20" type="stmt"/>
        <line num="97" count="20" type="stmt"/>
        <line num="98" count="20" type="stmt"/>
        <line num="99" count="20" type="stmt"/>
        <line num="100" count="20" type="stmt"/>
        <line num="101" count="20" type="stmt"/>
        <line num="102" count="20" type="stmt"/>
        <line num="103" count="20" type="stmt"/>
        <line num="104" count="20" type="stmt"/>
        <line num="105" count="20" type="stmt"/>
        <line num="106" count="20" type="cond" truecount="1" falsecount="0"/>
        <line num="107" count="18" type="stmt"/>
        <line num="108" count="18" type="stmt"/>
        <line num="109" count="18" type="stmt"/>
        <line num="110" count="18" type="stmt"/>
        <line num="111" count="18" type="stmt"/>
        <line num="112" count="18" type="stmt"/>
        <line num="113" count="18" type="stmt"/>
        <line num="114" count="18" type="stmt"/>
        <line num="115" count="20" type="stmt"/>
        <line num="116" count="20" type="stmt"/>
        <line num="117" count="20" type="stmt"/>
        <line num="118" count="20" type="stmt"/>
        <line num="119" count="20" type="stmt"/>
        <line num="120" count="20" type="stmt"/>
        <line num="121" count="20" type="stmt"/>
        <line num="122" count="20" type="stmt"/>
        <line num="123" count="20" type="stmt"/>
        <line num="124" count="20" type="stmt"/>
        <line num="125" count="20" type="stmt"/>
        <line num="126" count="20" type="stmt"/>
        <line num="127" count="20" type="stmt"/>
        <line num="128" count="20" type="stmt"/>
        <line num="129" count="20" type="stmt"/>
        <line num="130" count="20" type="stmt"/>
        <line num="131" count="20" type="stmt"/>
        <line num="132" count="20" type="stmt"/>
        <line num="133" count="20" type="stmt"/>
        <line num="134" count="20" type="stmt"/>
        <line num="135" count="20" type="stmt"/>
        <line num="136" count="20" type="stmt"/>
        <line num="137" count="20" type="stmt"/>
        <line num="138" count="20" type="stmt"/>
        <line num="139" count="20" type="stmt"/>
        <line num="140" count="20" type="stmt"/>
        <line num="141" count="20" type="stmt"/>
        <line num="142" count="20" type="stmt"/>
        <line num="143" count="20" type="stmt"/>
        <line num="144" count="20" type="stmt"/>
        <line num="145" count="20" type="stmt"/>
        <line num="146" count="20" type="stmt"/>
        <line num="147" count="1" type="stmt"/>
        <line num="148" count="20" type="cond" truecount="1" falsecount="0"/>
        <line num="149" count="20" type="stmt"/>
        <line num="150" count="20" type="stmt"/>
        <line num="151" count="20" type="stmt"/>
        <line num="152" count="20" type="stmt"/>
        <line num="153" count="20" type="stmt"/>
        <line num="154" count="20" type="stmt"/>
        <line num="155" count="20" type="stmt"/>
        <line num="156" count="20" type="stmt"/>
        <line num="157" count="20" type="stmt"/>
        <line num="158" count="20" type="stmt"/>
        <line num="159" count="20" type="stmt"/>
        <line num="160" count="1" type="stmt"/>
        <line num="161" count="1" type="stmt"/>
        <line num="162" count="1" type="stmt"/>
        <line num="163" count="1" type="stmt"/>
        <line num="164" count="1" type="stmt"/>
        <line num="165" count="1" type="stmt"/>
        <line num="166" count="1" type="stmt"/>
        <line num="167" count="1" type="stmt"/>
        <line num="168" count="1" type="stmt"/>
        <line num="169" count="18" type="cond" truecount="1" falsecount="0"/>
        <line num="170" count="18" type="stmt"/>
        <line num="171" count="18" type="stmt"/>
        <line num="172" count="18" type="stmt"/>
        <line num="173" count="18" type="stmt"/>
        <line num="174" count="18" type="stmt"/>
        <line num="175" count="18" type="stmt"/>
        <line num="176" count="18" type="stmt"/>
        <line num="177" count="18" type="stmt"/>
        <line num="178" count="18" type="stmt"/>
        <line num="179" count="18" type="stmt"/>
        <line num="180" count="18" type="stmt"/>
        <line num="181" count="18" type="stmt"/>
        <line num="182" count="18" type="stmt"/>
        <line num="183" count="18" type="stmt"/>
        <line num="184" count="18" type="stmt"/>
        <line num="185" count="18" type="stmt"/>
        <line num="186" count="18" type="stmt"/>
        <line num="187" count="18" type="stmt"/>
        <line num="188" count="18" type="stmt"/>
        <line num="189" count="18" type="stmt"/>
        <line num="190" count="18" type="stmt"/>
        <line num="191" count="18" type="stmt"/>
        <line num="192" count="18" type="stmt"/>
        <line num="193" count="18" type="stmt"/>
        <line num="194" count="18" type="stmt"/>
        <line num="195" count="18" type="stmt"/>
        <line num="196" count="18" type="stmt"/>
        <line num="197" count="18" type="stmt"/>
        <line num="198" count="18" type="stmt"/>
        <line num="199" count="18" type="stmt"/>
        <line num="200" count="18" type="stmt"/>
        <line num="201" count="18" type="cond" truecount="0" falsecount="1"/>
        <line num="202" count="0" type="stmt"/>
        <line num="203" count="0" type="stmt"/>
        <line num="204" count="0" type="stmt"/>
        <line num="205" count="0" type="stmt"/>
        <line num="206" count="0" type="stmt"/>
        <line num="207" count="18" type="stmt"/>
        <line num="208" count="18" type="stmt"/>
        <line num="209" count="18" type="stmt"/>
        <line num="210" count="18" type="stmt"/>
        <line num="211" count="18" type="stmt"/>
        <line num="212" count="1" type="stmt"/>
        <line num="213" count="1" type="stmt"/>
        <line num="214" count="1" type="stmt"/>
        <line num="215" count="1" type="stmt"/>
        <line num="216" count="1" type="stmt"/>
        <line num="217" count="1" type="stmt"/>
        <line num="218" count="1" type="stmt"/>
        <line num="219" count="0" type="stmt"/>
        <line num="220" count="0" type="stmt"/>
        <line num="221" count="0" type="stmt"/>
        <line num="222" count="0" type="stmt"/>
        <line num="223" count="0" type="stmt"/>
        <line num="224" count="0" type="stmt"/>
        <line num="225" count="0" type="stmt"/>
        <line num="226" count="0" type="stmt"/>
        <line num="227" count="0" type="stmt"/>
        <line num="228" count="0" type="stmt"/>
        <line num="229" count="0" type="stmt"/>
        <line num="230" count="0" type="stmt"/>
        <line num="231" count="0" type="stmt"/>
        <line num="232" count="0" type="stmt"/>
        <line num="233" count="0" type="stmt"/>
        <line num="234" count="0" type="stmt"/>
        <line num="235" count="0" type="stmt"/>
        <line num="236" count="0" type="stmt"/>
        <line num="237" count="0" type="stmt"/>
        <line num="238" count="0" type="stmt"/>
        <line num="239" count="0" type="stmt"/>
        <line num="240" count="0" type="stmt"/>
        <line num="241" count="0" type="stmt"/>
        <line num="242" count="1" type="stmt"/>
        <line num="243" count="1" type="stmt"/>
        <line num="244" count="1" type="stmt"/>
        <line num="245" count="1" type="stmt"/>
        <line num="246" count="1" type="stmt"/>
        <line num="247" count="18" type="cond" truecount="1" falsecount="0"/>
        <line num="248" count="18" type="stmt"/>
        <line num="249" count="18" type="stmt"/>
        <line num="250" count="18" type="stmt"/>
        <line num="251" count="18" type="stmt"/>
        <line num="252" count="18" type="stmt"/>
        <line num="253" count="18" type="stmt"/>
        <line num="254" count="18" type="stmt"/>
        <line num="255" count="18" type="stmt"/>
        <line num="256" count="18" type="stmt"/>
        <line num="257" count="18" type="stmt"/>
        <line num="258" count="18" type="stmt"/>
        <line num="259" count="18" type="stmt"/>
        <line num="260" count="18" type="stmt"/>
      </file>
      <file name="page.tsx" path="C:\Users\j.weber\OneDrive - shopware AG\Dokumente\Programmieren\VibeFC\src\app\(protected)\data-intake\page.tsx">
        <metrics statements="71" coveredstatements="26" conditionals="3" coveredconditionals="2" methods="1" coveredmethods="1"/>
        <line num="1" count="1" type="stmt"/>
        <line num="2" count="1" type="stmt"/>
        <line num="3" count="1" type="stmt"/>
        <line num="4" count="1" type="stmt"/>
        <line num="5" count="1" type="stmt"/>
        <line num="6" count="1" type="stmt"/>
        <line num="7" count="1" type="stmt"/>
        <line num="8" count="1" type="stmt"/>
        <line num="9" count="1" type="stmt"/>
        <line num="10" count="1" type="stmt"/>
        <line num="11" count="1" type="stmt"/>
        <line num="12" count="1" type="stmt"/>
        <line num="13" count="1" type="stmt"/>
        <line num="14" count="1" type="stmt"/>
        <line num="15" count="1" type="cond" truecount="1" falsecount="1"/>
        <line num="16" count="1" type="stmt"/>
        <line num="17" count="1" type="stmt"/>
        <line num="18" count="1" type="cond" truecount="1" falsecount="0"/>
        <line num="19" count="1" type="stmt"/>
        <line num="20" count="1" type="stmt"/>
        <line num="21" count="1" type="stmt"/>
        <line num="22" count="1" type="stmt"/>
        <line num="23" count="1" type="stmt"/>
        <line num="24" count="0" type="stmt"/>
        <line num="25" count="0" type="stmt"/>
        <line num="26" count="0" type="stmt"/>
        <line num="27" count="0" type="stmt"/>
        <line num="28" count="0" type="stmt"/>
        <line num="29" count="0" type="stmt"/>
        <line num="30" count="0" type="stmt"/>
        <line num="31" count="0" type="stmt"/>
        <line num="32" count="0" type="stmt"/>
        <line num="33" count="0" type="stmt"/>
        <line num="34" count="0" type="stmt"/>
        <line num="35" count="0" type="stmt"/>
        <line num="36" count="0" type="stmt"/>
        <line num="37" count="0" type="stmt"/>
        <line num="38" count="0" type="stmt"/>
        <line num="39" count="0" type="stmt"/>
        <line num="40" count="0" type="stmt"/>
        <line num="41" count="0" type="stmt"/>
        <line num="42" count="0" type="stmt"/>
        <line num="43" count="0" type="stmt"/>
        <line num="44" count="0" type="stmt"/>
        <line num="45" count="0" type="stmt"/>
        <line num="46" count="0" type="stmt"/>
        <line num="47" count="0" type="stmt"/>
        <line num="48" count="0" type="stmt"/>
        <line num="49" count="0" type="stmt"/>
        <line num="50" count="0" type="stmt"/>
        <line num="51" count="0" type="stmt"/>
        <line num="52" count="0" type="stmt"/>
        <line num="53" count="0" type="stmt"/>
        <line num="54" count="0" type="stmt"/>
        <line num="55" count="0" type="stmt"/>
        <line num="56" count="0" type="stmt"/>
        <line num="57" count="0" type="stmt"/>
        <line num="58" count="0" type="stmt"/>
        <line num="59" count="0" type="stmt"/>
        <line num="60" count="0" type="stmt"/>
        <line num="61" count="0" type="stmt"/>
        <line num="62" count="0" type="stmt"/>
        <line num="63" count="0" type="stmt"/>
        <line num="64" count="0" type="stmt"/>
        <line num="65" count="0" type="stmt"/>
        <line num="66" count="0" type="stmt"/>
        <line num="67" count="0" type="stmt"/>
        <line num="68" count="0" type="stmt"/>
        <line num="69" count="1" type="stmt"/>
        <line num="70" count="1" type="stmt"/>
        <line num="71" count="1" type="stmt"/>
      </file>
    </package>
    <package name="src.app.(protected).data-intake._components">
      <metrics statements="817" coveredstatements="779" conditionals="111" coveredconditionals="94" methods="27" coveredmethods="23"/>
      <file name="data-intake-container.tsx" path="C:\Users\j.weber\OneDrive - shopware AG\Dokumente\Programmieren\VibeFC\src\app\(protected)\data-intake\_components\data-intake-container.tsx">
        <metrics statements="249" coveredstatements="241" conditionals="39" coveredconditionals="36" methods="3" coveredmethods="2"/>
        <line num="1" count="1" type="stmt"/>
        <line num="2" count="1" type="stmt"/>
        <line num="3" count="1" type="stmt"/>
        <line num="4" count="1" type="stmt"/>
        <line num="5" count="1" type="stmt"/>
        <line num="6" count="1" type="stmt"/>
        <line num="7" count="1" type="stmt"/>
        <line num="8" count="1" type="stmt"/>
        <line num="9" count="1" type="stmt"/>
        <line num="10" count="1" type="stmt"/>
        <line num="11" count="1" type="stmt"/>
        <line num="12" count="1" type="stmt"/>
        <line num="13" count="1" type="stmt"/>
        <line num="14" count="1" type="stmt"/>
        <line num="15" count="1" type="stmt"/>
        <line num="16" count="1" type="stmt"/>
        <line num="17" count="1" type="stmt"/>
        <line num="18" count="1" type="stmt"/>
        <line num="19" count="1" type="stmt"/>
        <line num="20" count="1" type="stmt"/>
        <line num="21" count="1" type="stmt"/>
        <line num="22" count="1" type="stmt"/>
        <line num="23" count="1" type="stmt"/>
        <line num="24" count="1" type="stmt"/>
        <line num="25" count="1" type="stmt"/>
        <line num="26" count="1" type="stmt"/>
        <line num="27" count="1" type="stmt"/>
        <line num="28" count="1" type="stmt"/>
        <line num="29" count="1" type="stmt"/>
        <line num="30" count="1" type="stmt"/>
        <line num="31" count="1" type="stmt"/>
        <line num="32" count="1" type="stmt"/>
        <line num="33" count="1" type="stmt"/>
        <line num="34" count="1" type="stmt"/>
        <line num="35" count="1" type="stmt"/>
        <line num="36" count="1" type="stmt"/>
        <line num="37" count="1" type="stmt"/>
        <line num="38" count="1" type="stmt"/>
        <line num="39" count="1" type="cond" truecount="1" falsecount="0"/>
        <line num="40" count="17" type="stmt"/>
        <line num="41" count="17" type="stmt"/>
        <line num="42" count="17" type="stmt"/>
        <line num="43" count="17" type="cond" truecount="1" falsecount="0"/>
        <line num="44" count="17" type="cond" truecount="1" falsecount="0"/>
        <line num="45" count="17" type="cond" truecount="1" falsecount="0"/>
        <line num="46" count="17" type="stmt"/>
        <line num="47" count="17" type="cond" truecount="1" falsecount="0"/>
        <line num="48" count="17" type="cond" truecount="0" falsecount="1"/>
        <line num="49" count="0" type="stmt"/>
        <line num="50" count="0" type="stmt"/>
        <line num="51" count="17" type="stmt"/>
        <line num="52" count="17" type="cond" truecount="1" falsecount="1"/>
        <line num="53" count="17" type="stmt"/>
        <line num="54" count="17" type="stmt"/>
        <line num="55" count="17" type="stmt"/>
        <line num="56" count="17" type="cond" truecount="1" falsecount="0"/>
        <line num="57" count="17" type="cond" truecount="1" falsecount="0"/>
        <line num="58" count="2" type="stmt"/>
        <line num="59" count="2" type="stmt"/>
        <line num="60" count="17" type="stmt"/>
        <line num="61" count="17" type="stmt"/>
        <line num="62" count="17" type="stmt"/>
        <line num="63" count="17" type="stmt"/>
        <line num="64" count="17" type="stmt"/>
        <line num="65" count="17" type="stmt"/>
        <line num="66" count="17" type="stmt"/>
        <line num="67" count="17" type="stmt"/>
        <line num="68" count="17" type="cond" truecount="1" falsecount="0"/>
        <line num="69" count="17" type="cond" truecount="2" falsecount="0"/>
        <line num="70" count="17" type="stmt"/>
        <line num="71" count="17" type="stmt"/>
        <line num="72" count="17" type="stmt"/>
        <line num="73" count="17" type="stmt"/>
        <line num="74" count="17" type="stmt"/>
        <line num="75" count="17" type="stmt"/>
        <line num="76" count="17" type="stmt"/>
        <line num="77" count="17" type="stmt"/>
        <line num="78" count="17" type="stmt"/>
        <line num="79" count="17" type="stmt"/>
        <line num="80" count="17" type="stmt"/>
        <line num="81" count="17" type="stmt"/>
        <line num="82" count="17" type="stmt"/>
        <line num="83" count="17" type="stmt"/>
        <line num="84" count="17" type="stmt"/>
        <line num="85" count="17" type="stmt"/>
        <line num="86" count="17" type="stmt"/>
        <line num="87" count="17" type="stmt"/>
        <line num="88" count="17" type="stmt"/>
        <line num="89" count="17" type="stmt"/>
        <line num="90" count="17" type="stmt"/>
        <line num="91" count="17" type="stmt"/>
        <line num="92" count="17" type="stmt"/>
        <line num="93" count="17" type="stmt"/>
        <line num="94" count="17" type="stmt"/>
        <line num="95" count="17" type="stmt"/>
        <line num="96" count="17" type="stmt"/>
        <line num="97" count="17" type="stmt"/>
        <line num="98" count="17" type="stmt"/>
        <line num="99" count="17" type="stmt"/>
        <line num="100" count="17" type="stmt"/>
        <line num="101" count="17" type="stmt"/>
        <line num="102" count="17" type="stmt"/>
        <line num="103" count="17" type="cond" truecount="1" falsecount="0"/>
        <line num="104" count="15" type="stmt"/>
        <line num="105" count="15" type="stmt"/>
        <line num="106" count="15" type="stmt"/>
        <line num="107" count="15" type="stmt"/>
        <line num="108" count="15" type="stmt"/>
        <line num="109" count="15" type="cond" truecount="3" falsecount="0"/>
        <line num="110" count="13" type="stmt"/>
        <line num="111" count="13" type="stmt"/>
        <line num="112" count="13" type="stmt"/>
        <line num="113" count="15" type="cond" truecount="1" falsecount="0"/>
        <line num="114" count="2" type="stmt"/>
        <line num="115" count="2" type="stmt"/>
        <line num="116" count="2" type="stmt"/>
        <line num="117" count="2" type="stmt"/>
        <line num="118" count="17" type="cond" truecount="1" falsecount="0"/>
        <line num="119" count="17" type="stmt"/>
        <line num="120" count="17" type="cond" truecount="1" falsecount="0"/>
        <line num="121" count="17" type="cond" truecount="1" falsecount="0"/>
        <line num="122" count="28" type="cond" truecount="1" falsecount="0"/>
        <line num="123" count="17" type="stmt"/>
        <line num="124" count="17" type="stmt"/>
        <line num="125" count="17" type="stmt"/>
        <line num="126" count="17" type="cond" truecount="1" falsecount="0"/>
        <line num="127" count="28" type="stmt"/>
        <line num="128" count="28" type="stmt"/>
        <line num="129" count="28" type="stmt"/>
        <line num="130" count="28" type="stmt"/>
        <line num="131" count="28" type="stmt"/>
        <line num="132" count="28" type="stmt"/>
        <line num="133" count="17" type="stmt"/>
        <line num="134" count="17" type="stmt"/>
        <line num="135" count="17" type="stmt"/>
        <line num="136" count="17" type="cond" truecount="1" falsecount="0"/>
        <line num="137" count="17" type="stmt"/>
        <line num="138" count="17" type="stmt"/>
        <line num="139" count="17" type="cond" truecount="1" falsecount="0"/>
        <line num="140" count="1" type="stmt"/>
        <line num="141" count="1" type="stmt"/>
        <line num="142" count="1" type="stmt"/>
        <line num="143" count="1" type="stmt"/>
        <line num="144" count="1" type="stmt"/>
        <line num="145" count="17" type="stmt"/>
        <line num="146" count="17" type="stmt"/>
        <line num="147" count="17" type="cond" truecount="1" falsecount="0"/>
        <line num="148" count="2" type="stmt"/>
        <line num="149" count="2" type="stmt"/>
        <line num="150" count="2" type="stmt"/>
        <line num="151" count="2" type="stmt"/>
        <line num="152" count="2" type="stmt"/>
        <line num="153" count="17" type="stmt"/>
        <line num="154" count="17" type="stmt"/>
        <line num="155" count="17" type="cond" truecount="1" falsecount="0"/>
        <line num="156" count="1" type="stmt"/>
        <line num="157" count="1" type="stmt"/>
        <line num="158" count="1" type="stmt"/>
        <line num="159" count="17" type="stmt"/>
        <line num="160" count="17" type="stmt"/>
        <line num="161" count="17" type="stmt"/>
        <line num="162" count="17" type="stmt"/>
        <line num="163" count="0" type="stmt"/>
        <line num="164" count="0" type="stmt"/>
        <line num="165" count="0" type="stmt"/>
        <line num="166" count="17" type="stmt"/>
        <line num="167" count="17" type="stmt"/>
        <line num="168" count="17" type="stmt"/>
        <line num="169" count="17" type="stmt"/>
        <line num="170" count="0" type="stmt"/>
        <line num="171" count="0" type="stmt"/>
        <line num="172" count="17" type="stmt"/>
        <line num="173" count="17" type="stmt"/>
        <line num="174" count="17" type="cond" truecount="2" falsecount="0"/>
        <line num="175" count="2" type="stmt"/>
        <line num="176" count="2" type="cond" truecount="1" falsecount="0"/>
        <line num="177" count="15" type="stmt"/>
        <line num="178" count="17" type="cond" truecount="1" falsecount="0"/>
        <line num="179" count="1" type="stmt"/>
        <line num="180" count="1" type="stmt"/>
        <line num="181" count="1" type="stmt"/>
        <line num="182" count="1" type="stmt"/>
        <line num="183" count="1" type="stmt"/>
        <line num="184" count="1" type="stmt"/>
        <line num="185" count="1" type="stmt"/>
        <line num="186" count="1" type="stmt"/>
        <line num="187" count="1" type="stmt"/>
        <line num="188" count="1" type="cond" truecount="1" falsecount="0"/>
        <line num="189" count="14" type="stmt"/>
        <line num="190" count="14" type="stmt"/>
        <line num="191" count="14" type="stmt"/>
        <line num="192" count="14" type="stmt"/>
        <line num="193" count="14" type="stmt"/>
        <line num="194" count="14" type="stmt"/>
        <line num="195" count="14" type="stmt"/>
        <line num="196" count="14" type="stmt"/>
        <line num="197" count="14" type="stmt"/>
        <line num="198" count="14" type="stmt"/>
        <line num="199" count="14" type="stmt"/>
        <line num="200" count="14" type="stmt"/>
        <line num="201" count="14" type="stmt"/>
        <line num="202" count="14" type="stmt"/>
        <line num="203" count="14" type="stmt"/>
        <line num="204" count="14" type="stmt"/>
        <line num="205" count="14" type="stmt"/>
        <line num="206" count="14" type="stmt"/>
        <line num="207" count="14" type="stmt"/>
        <line num="208" count="14" type="stmt"/>
        <line num="209" count="14" type="stmt"/>
        <line num="210" count="14" type="stmt"/>
        <line num="211" count="14" type="stmt"/>
        <line num="212" count="14" type="stmt"/>
        <line num="213" count="14" type="stmt"/>
        <line num="214" count="14" type="stmt"/>
        <line num="215" count="14" type="stmt"/>
        <line num="216" count="14" type="stmt"/>
        <line num="217" count="14" type="stmt"/>
        <line num="218" count="14" type="stmt"/>
        <line num="219" count="14" type="cond" truecount="1" falsecount="0"/>
        <line num="220" count="4" type="stmt"/>
        <line num="221" count="4" type="cond" truecount="0" falsecount="1"/>
        <line num="222" count="0" type="stmt"/>
        <line num="223" count="10" type="cond" truecount="1" falsecount="0"/>
        <line num="224" count="10" type="stmt"/>
        <line num="225" count="10" type="cond" truecount="2" falsecount="0"/>
        <line num="226" count="1" type="stmt"/>
        <line num="227" count="17" type="stmt"/>
        <line num="228" count="17" type="stmt"/>
        <line num="229" count="17" type="stmt"/>
        <line num="230" count="17" type="cond" truecount="1" falsecount="0"/>
        <line num="231" count="2" type="stmt"/>
        <line num="232" count="2" type="stmt"/>
        <line num="233" count="2" type="cond" truecount="1" falsecount="0"/>
        <line num="234" count="2" type="stmt"/>
        <line num="235" count="2" type="stmt"/>
        <line num="236" count="2" type="stmt"/>
        <line num="237" count="2" type="stmt"/>
        <line num="238" count="17" type="stmt"/>
        <line num="239" count="17" type="stmt"/>
        <line num="240" count="17" type="stmt"/>
        <line num="241" count="17" type="stmt"/>
        <line num="242" count="17" type="stmt"/>
        <line num="243" count="17" type="stmt"/>
        <line num="244" count="17" type="stmt"/>
        <line num="245" count="17" type="stmt"/>
        <line num="246" count="17" type="stmt"/>
        <line num="247" count="17" type="stmt"/>
        <line num="248" count="17" type="stmt"/>
        <line num="249" count="17" type="stmt"/>
      </file>
      <file name="data-status.tsx" path="C:\Users\j.weber\OneDrive - shopware AG\Dokumente\Programmieren\VibeFC\src\app\(protected)\data-intake\_components\data-status.tsx">
        <metrics statements="25" coveredstatements="25" conditionals="6" coveredconditionals="6" methods="1" coveredmethods="1"/>
        <line num="1" count="1" type="stmt"/>
        <line num="2" count="1" type="stmt"/>
        <line num="3" count="1" type="stmt"/>
        <line num="4" count="1" type="stmt"/>
        <line num="5" count="1" type="stmt"/>
        <line num="6" count="1" type="stmt"/>
        <line num="7" count="1" type="stmt"/>
        <line num="8" count="1" type="cond" truecount="1" falsecount="0"/>
        <line num="9" count="17" type="cond" truecount="2" falsecount="0"/>
        <line num="10" count="4" type="cond" truecount="1" falsecount="0"/>
        <line num="11" count="4" type="stmt"/>
        <line num="12" count="4" type="stmt"/>
        <line num="13" count="4" type="cond" truecount="1" falsecount="0"/>
        <line num="14" count="2" type="stmt"/>
        <line num="15" count="2" type="stmt"/>
        <line num="16" count="2" type="stmt"/>
        <line num="17" count="17" type="stmt"/>
        <line num="18" count="17" type="cond" truecount="1" falsecount="0"/>
        <line num="19" count="2" type="stmt"/>
        <line num="20" count="2" type="stmt"/>
        <line num="21" count="2" type="stmt"/>
        <line num="22" count="17" type="stmt"/>
        <line num="23" count="17" type="stmt"/>
        <line num="24" count="17" type="stmt"/>
        <line num="25" count="17" type="stmt"/>
      </file>
      <file name="state-display.tsx" path="C:\Users\j.weber\OneDrive - shopware AG\Dokumente\Programmieren\VibeFC\src\app\(protected)\data-intake\_components\state-display.tsx">
        <metrics statements="71" coveredstatements="71" conditionals="3" coveredconditionals="3" methods="3" coveredmethods="3"/>
        <line num="1" count="1" type="stmt"/>
        <line num="2" count="1" type="stmt"/>
        <line num="3" count="1" type="stmt"/>
        <line num="4" count="1" type="stmt"/>
        <line num="5" count="1" type="stmt"/>
        <line num="6" count="1" type="stmt"/>
        <line num="7" count="1" type="stmt"/>
        <line num="8" count="1" type="stmt"/>
        <line num="9" count="1" type="stmt"/>
        <line num="10" count="1" type="cond" truecount="1" falsecount="0"/>
        <line num="11" count="3" type="stmt"/>
        <line num="12" count="3" type="stmt"/>
        <line num="13" count="3" type="stmt"/>
        <line num="14" count="3" type="stmt"/>
        <line num="15" count="3" type="stmt"/>
        <line num="16" count="3" type="stmt"/>
        <line num="17" count="3" type="stmt"/>
        <line num="18" count="3" type="stmt"/>
        <line num="19" count="3" type="stmt"/>
        <line num="20" count="3" type="stmt"/>
        <line num="21" count="3" type="stmt"/>
        <line num="22" count="3" type="stmt"/>
        <line num="23" count="1" type="stmt"/>
        <line num="24" count="1" type="stmt"/>
        <line num="25" count="1" type="stmt"/>
        <line num="26" count="1" type="stmt"/>
        <line num="27" count="1" type="stmt"/>
        <line num="28" count="1" type="stmt"/>
        <line num="29" count="1" type="stmt"/>
        <line num="30" count="1" type="stmt"/>
        <line num="31" count="1" type="stmt"/>
        <line num="32" count="1" type="cond" truecount="1" falsecount="0"/>
        <line num="33" count="2" type="stmt"/>
        <line num="34" count="2" type="stmt"/>
        <line num="35" count="2" type="stmt"/>
        <line num="36" count="2" type="stmt"/>
        <line num="37" count="2" type="stmt"/>
        <line num="38" count="2" type="stmt"/>
        <line num="39" count="2" type="stmt"/>
        <line num="40" count="2" type="stmt"/>
        <line num="41" count="2" type="stmt"/>
        <line num="42" count="2" type="stmt"/>
        <line num="43" count="2" type="stmt"/>
        <line num="44" count="2" type="stmt"/>
        <line num="45" count="2" type="stmt"/>
        <line num="46" count="2" type="stmt"/>
        <line num="47" count="2" type="stmt"/>
        <line num="48" count="2" type="stmt"/>
        <line num="49" count="2" type="stmt"/>
        <line num="50" count="2" type="stmt"/>
        <line num="51" count="2" type="stmt"/>
        <line num="52" count="2" type="stmt"/>
        <line num="53" count="2" type="stmt"/>
        <line num="54" count="2" type="stmt"/>
        <line num="55" count="2" type="stmt"/>
        <line num="56" count="2" type="stmt"/>
        <line num="57" count="1" type="stmt"/>
        <line num="58" count="1" type="stmt"/>
        <line num="59" count="1" type="stmt"/>
        <line num="60" count="1" type="stmt"/>
        <line num="61" count="1" type="stmt"/>
        <line num="62" count="1" type="cond" truecount="1" falsecount="0"/>
        <line num="63" count="2" type="stmt"/>
        <line num="64" count="2" type="stmt"/>
        <line num="65" count="2" type="stmt"/>
        <line num="66" count="2" type="stmt"/>
        <line num="67" count="2" type="stmt"/>
        <line num="68" count="2" type="stmt"/>
        <line num="69" count="2" type="stmt"/>
        <line num="70" count="2" type="stmt"/>
        <line num="71" count="2" type="stmt"/>
      </file>
      <file name="upload-section.tsx" path="C:\Users\j.weber\OneDrive - shopware AG\Dokumente\Programmieren\VibeFC\src\app\(protected)\data-intake\_components\upload-section.tsx">
        <metrics statements="80" coveredstatements="58" conditionals="8" coveredconditionals="2" methods="5" coveredmethods="2"/>
        <line num="1" count="1" type="stmt"/>
        <line num="2" count="1" type="stmt"/>
        <line num="3" count="1" type="stmt"/>
        <line num="4" count="1" type="stmt"/>
        <line num="5" count="1" type="stmt"/>
        <line num="6" count="1" type="stmt"/>
        <line num="7" count="1" type="stmt"/>
        <line num="8" count="1" type="stmt"/>
        <line num="9" count="1" type="stmt"/>
        <line num="10" count="1" type="stmt"/>
        <line num="11" count="1" type="cond" truecount="1" falsecount="0"/>
        <line num="12" count="15" type="stmt"/>
        <line num="13" count="15" type="stmt"/>
        <line num="14" count="15" type="cond" truecount="1" falsecount="0"/>
        <line num="15" count="1" type="stmt"/>
        <line num="16" count="1" type="cond" truecount="0" falsecount="1"/>
        <line num="17" count="1" type="stmt"/>
        <line num="18" count="1" type="cond" truecount="0" falsecount="2"/>
        <line num="19" count="0" type="stmt"/>
        <line num="20" count="0" type="stmt"/>
        <line num="21" count="0" type="stmt"/>
        <line num="22" count="0" type="stmt"/>
        <line num="23" count="1" type="stmt"/>
        <line num="24" count="1" type="stmt"/>
        <line num="25" count="1" type="stmt"/>
        <line num="26" count="15" type="stmt"/>
        <line num="27" count="15" type="stmt"/>
        <line num="28" count="0" type="stmt"/>
        <line num="29" count="0" type="stmt"/>
        <line num="30" count="0" type="stmt"/>
        <line num="31" count="0" type="stmt"/>
        <line num="32" count="15" type="stmt"/>
        <line num="33" count="15" type="stmt"/>
        <line num="34" count="0" type="stmt"/>
        <line num="35" count="0" type="stmt"/>
        <line num="36" count="0" type="stmt"/>
        <line num="37" count="0" type="stmt"/>
        <line num="38" count="15" type="stmt"/>
        <line num="39" count="15" type="stmt"/>
        <line num="40" count="0" type="stmt"/>
        <line num="41" count="0" type="stmt"/>
        <line num="42" count="0" type="stmt"/>
        <line num="43" count="0" type="stmt"/>
        <line num="44" count="0" type="stmt"/>
        <line num="45" count="0" type="stmt"/>
        <line num="46" count="0" type="stmt"/>
        <line num="47" count="0" type="stmt"/>
        <line num="48" count="0" type="stmt"/>
        <line num="49" count="15" type="stmt"/>
        <line num="50" count="15" type="stmt"/>
        <line num="51" count="15" type="stmt"/>
        <line num="52" count="15" type="cond" truecount="0" falsecount="1"/>
        <line num="53" count="15" type="stmt"/>
        <line num="54" count="15" type="stmt"/>
        <line num="55" count="15" type="stmt"/>
        <line num="56" count="15" type="stmt"/>
        <line num="57" count="15" type="stmt"/>
        <line num="58" count="15" type="stmt"/>
        <line num="59" count="15" type="stmt"/>
        <line num="60" count="15" type="stmt"/>
        <line num="61" count="15" type="stmt"/>
        <line num="62" count="15" type="stmt"/>
        <line num="63" count="15" type="stmt"/>
        <line num="64" count="15" type="stmt"/>
        <line num="65" count="15" type="stmt"/>
        <line num="66" count="15" type="stmt"/>
        <line num="67" count="15" type="stmt"/>
        <line num="68" count="15" type="stmt"/>
        <line num="69" count="15" type="stmt"/>
        <line num="70" count="15" type="cond" truecount="0" falsecount="1"/>
        <line num="71" count="15" type="stmt"/>
        <line num="72" count="15" type="stmt"/>
        <line num="73" count="15" type="stmt"/>
        <line num="74" count="15" type="stmt"/>
        <line num="75" count="15" type="cond" truecount="0" falsecount="1"/>
        <line num="76" count="0" type="stmt"/>
        <line num="77" count="15" type="stmt"/>
        <line num="78" count="15" type="stmt"/>
        <line num="79" count="15" type="stmt"/>
        <line num="80" count="15" type="stmt"/>
      </file>
      <file name="variable-card.tsx" path="C:\Users\j.weber\OneDrive - shopware AG\Dokumente\Programmieren\VibeFC\src\app\(protected)\data-intake\_components\variable-card.tsx">
        <metrics statements="61" coveredstatements="61" conditionals="6" coveredconditionals="6" methods="3" coveredmethods="3"/>
        <line num="1" count="1" type="stmt"/>
        <line num="2" count="1" type="stmt"/>
        <line num="3" count="1" type="stmt"/>
        <line num="4" count="1" type="stmt"/>
        <line num="5" count="1" type="stmt"/>
        <line num="6" count="1" type="stmt"/>
        <line num="7" count="1" type="stmt"/>
        <line num="8" count="1" type="stmt"/>
        <line num="9" count="1" type="stmt"/>
        <line num="10" count="1" type="stmt"/>
        <line num="11" count="1" type="stmt"/>
        <line num="12" count="1" type="stmt"/>
        <line num="13" count="1" type="stmt"/>
        <line num="14" count="1" type="cond" truecount="1" falsecount="0"/>
        <line num="15" count="4" type="cond" truecount="1" falsecount="0"/>
        <line num="16" count="1" type="stmt"/>
        <line num="17" count="1" type="stmt"/>
        <line num="18" count="4" type="stmt"/>
        <line num="19" count="4" type="cond" truecount="1" falsecount="0"/>
        <line num="20" count="1" type="stmt"/>
        <line num="21" count="1" type="stmt"/>
        <line num="22" count="1" type="stmt"/>
        <line num="23" count="4" type="stmt"/>
        <line num="24" count="4" type="stmt"/>
        <line num="25" count="4" type="cond" truecount="1" falsecount="0"/>
        <line num="26" count="4" type="stmt"/>
        <line num="27" count="4" type="stmt"/>
        <line num="28" count="4" type="stmt"/>
        <line num="29" count="4" type="stmt"/>
        <line num="30" count="4" type="stmt"/>
        <line num="31" count="4" type="stmt"/>
        <line num="32" count="4" type="stmt"/>
        <line num="33" count="4" type="stmt"/>
        <line num="34" count="4" type="stmt"/>
        <line num="35" count="4" type="stmt"/>
        <line num="36" count="4" type="stmt"/>
        <line num="37" count="4" type="stmt"/>
        <line num="38" count="4" type="stmt"/>
        <line num="39" count="4" type="stmt"/>
        <line num="40" count="4" type="stmt"/>
        <line num="41" count="4" type="stmt"/>
        <line num="42" count="4" type="stmt"/>
        <line num="43" count="4" type="stmt"/>
        <line num="44" count="4" type="stmt"/>
        <line num="45" count="4" type="stmt"/>
        <line num="46" count="4" type="stmt"/>
        <line num="47" count="4" type="stmt"/>
        <line num="48" count="4" type="cond" truecount="1" falsecount="0"/>
        <line num="49" count="3" type="stmt"/>
        <line num="50" count="3" type="stmt"/>
        <line num="51" count="3" type="stmt"/>
        <line num="52" count="1" type="cond" truecount="1" falsecount="0"/>
        <line num="53" count="1" type="stmt"/>
        <line num="54" count="4" type="stmt"/>
        <line num="55" count="4" type="stmt"/>
        <line num="56" count="4" type="stmt"/>
        <line num="57" count="4" type="stmt"/>
        <line num="58" count="4" type="stmt"/>
        <line num="59" count="4" type="stmt"/>
        <line num="60" count="4" type="stmt"/>
        <line num="61" count="4" type="stmt"/>
      </file>
      <file name="variable-details-modal.tsx" path="C:\Users\j.weber\OneDrive - shopware AG\Dokumente\Programmieren\VibeFC\src\app\(protected)\data-intake\_components\variable-details-modal.tsx">
        <metrics statements="331" coveredstatements="323" conditionals="49" coveredconditionals="41" methods="12" coveredmethods="12"/>
        <line num="1" count="1" type="stmt"/>
        <line num="2" count="1" type="stmt"/>
        <line num="3" count="1" type="stmt"/>
        <line num="4" count="1" type="stmt"/>
        <line num="5" count="1" type="stmt"/>
        <line num="6" count="1" type="stmt"/>
        <line num="7" count="1" type="stmt"/>
        <line num="8" count="1" type="stmt"/>
        <line num="9" count="1" type="stmt"/>
        <line num="10" count="1" type="stmt"/>
        <line num="11" count="1" type="stmt"/>
        <line num="12" count="1" type="stmt"/>
        <line num="13" count="1" type="stmt"/>
        <line num="14" count="1" type="stmt"/>
        <line num="15" count="1" type="stmt"/>
        <line num="16" count="1" type="stmt"/>
        <line num="17" count="1" type="stmt"/>
        <line num="18" count="1" type="stmt"/>
        <line num="19" count="1" type="stmt"/>
        <line num="20" count="1" type="stmt"/>
        <line num="21" count="1" type="stmt"/>
        <line num="22" count="1" type="stmt"/>
        <line num="23" count="1" type="stmt"/>
        <line num="24" count="1" type="stmt"/>
        <line num="25" count="1" type="stmt"/>
        <line num="26" count="1" type="stmt"/>
        <line num="27" count="1" type="stmt"/>
        <line num="28" count="1" type="stmt"/>
        <line num="29" count="1" type="stmt"/>
        <line num="30" count="1" type="stmt"/>
        <line num="31" count="1" type="stmt"/>
        <line num="32" count="1" type="stmt"/>
        <line num="33" count="1" type="stmt"/>
        <line num="34" count="1" type="cond" truecount="1" falsecount="0"/>
        <line num="35" count="4" type="cond" truecount="2" falsecount="0"/>
        <line num="36" count="3" type="cond" truecount="1" falsecount="0"/>
        <line num="37" count="3" type="stmt"/>
        <line num="38" count="3" type="stmt"/>
        <line num="39" count="3" type="stmt"/>
        <line num="40" count="3" type="stmt"/>
        <line num="41" count="3" type="stmt"/>
        <line num="42" count="3" type="stmt"/>
        <line num="43" count="4" type="cond" truecount="2" falsecount="0"/>
        <line num="44" count="4" type="stmt"/>
        <line num="45" count="1" type="stmt"/>
        <line num="46" count="1" type="stmt"/>
        <line num="47" count="1" type="cond" truecount="1" falsecount="0"/>
        <line num="48" count="5" type="cond" truecount="0" falsecount="1"/>
        <line num="49" count="5" type="stmt"/>
        <line num="50" count="5" type="stmt"/>
        <line num="51" count="1" type="stmt"/>
        <line num="52" count="1" type="cond" truecount="1" falsecount="0"/>
        <line num="53" count="52" type="stmt"/>
        <line num="54" count="52" type="stmt"/>
        <line num="55" count="52" type="stmt"/>
        <line num="56" count="52" type="stmt"/>
        <line num="57" count="52" type="stmt"/>
        <line num="58" count="52" type="stmt"/>
        <line num="59" count="52" type="stmt"/>
        <line num="60" count="52" type="stmt"/>
        <line num="61" count="52" type="stmt"/>
        <line num="62" count="52" type="stmt"/>
        <line num="63" count="52" type="stmt"/>
        <line num="64" count="52" type="stmt"/>
        <line num="65" count="52" type="cond" truecount="1" falsecount="0"/>
        <line num="66" count="11" type="cond" truecount="1" falsecount="0"/>
        <line num="67" count="10" type="stmt"/>
        <line num="68" count="10" type="stmt"/>
        <line num="69" count="10" type="stmt"/>
        <line num="70" count="10" type="cond" truecount="1" falsecount="0"/>
        <line num="71" count="20" type="stmt"/>
        <line num="72" count="20" type="stmt"/>
        <line num="73" count="10" type="stmt"/>
        <line num="74" count="10" type="stmt"/>
        <line num="75" count="11" type="cond" truecount="1" falsecount="0"/>
        <line num="76" count="1" type="stmt"/>
        <line num="77" count="1" type="stmt"/>
        <line num="78" count="11" type="stmt"/>
        <line num="79" count="11" type="stmt"/>
        <line num="80" count="11" type="stmt"/>
        <line num="81" count="11" type="stmt"/>
        <line num="82" count="52" type="stmt"/>
        <line num="83" count="52" type="stmt"/>
        <line num="84" count="52" type="cond" truecount="2" falsecount="0"/>
        <line num="85" count="41" type="cond" truecount="1" falsecount="0"/>
        <line num="86" count="41" type="stmt"/>
        <line num="87" count="41" type="stmt"/>
        <line num="88" count="41" type="cond" truecount="1" falsecount="0"/>
        <line num="89" count="41" type="stmt"/>
        <line num="90" count="41" type="stmt"/>
        <line num="91" count="41" type="cond" truecount="1" falsecount="0"/>
        <line num="92" count="1" type="cond" truecount="1" falsecount="1"/>
        <line num="93" count="1" type="stmt"/>
        <line num="94" count="41" type="stmt"/>
        <line num="95" count="41" type="cond" truecount="1" falsecount="0"/>
        <line num="96" count="1" type="cond" truecount="1" falsecount="0"/>
        <line num="97" count="1" type="stmt"/>
        <line num="98" count="1" type="stmt"/>
        <line num="99" count="1" type="stmt"/>
        <line num="100" count="0" type="cond" truecount="0" falsecount="1"/>
        <line num="101" count="1" type="stmt"/>
        <line num="102" count="1" type="stmt"/>
        <line num="103" count="41" type="stmt"/>
        <line num="104" count="41" type="cond" truecount="1" falsecount="0"/>
        <line num="105" count="5" type="stmt"/>
        <line num="106" count="5" type="stmt"/>
        <line num="107" count="5" type="stmt"/>
        <line num="108" count="41" type="stmt"/>
        <line num="109" count="41" type="cond" truecount="1" falsecount="0"/>
        <line num="110" count="4" type="cond" truecount="0" falsecount="1"/>
        <line num="111" count="4" type="stmt"/>
        <line num="112" count="4" type="stmt"/>
        <line num="113" count="4" type="stmt"/>
        <line num="114" count="4" type="stmt"/>
        <line num="115" count="4" type="stmt"/>
        <line num="116" count="4" type="stmt"/>
        <line num="117" count="4" type="stmt"/>
        <line num="118" count="4" type="stmt"/>
        <line num="119" count="4" type="stmt"/>
        <line num="120" count="4" type="cond" truecount="1" falsecount="0"/>
        <line num="121" count="4" type="stmt"/>
        <line num="122" count="4" type="stmt"/>
        <line num="123" count="4" type="cond" truecount="0" falsecount="1"/>
        <line num="124" count="4" type="stmt"/>
        <line num="125" count="4" type="stmt"/>
        <line num="126" count="4" type="stmt"/>
        <line num="127" count="4" type="stmt"/>
        <line num="128" count="41" type="stmt"/>
        <line num="129" count="41" type="cond" truecount="1" falsecount="0"/>
        <line num="130" count="1" type="stmt"/>
        <line num="131" count="1" type="stmt"/>
        <line num="132" count="1" type="stmt"/>
        <line num="133" count="41" type="stmt"/>
        <line num="134" count="41" type="cond" truecount="1" falsecount="0"/>
        <line num="135" count="2" type="cond" truecount="1" falsecount="0"/>
        <line num="136" count="1" type="stmt"/>
        <line num="137" count="1" type="stmt"/>
        <line num="138" count="1" type="stmt"/>
        <line num="139" count="1" type="stmt"/>
        <line num="140" count="2" type="stmt"/>
        <line num="141" count="41" type="stmt"/>
        <line num="142" count="41" type="cond" truecount="1" falsecount="0"/>
        <line num="143" count="8" type="cond" truecount="0" falsecount="1"/>
        <line num="144" count="8" type="stmt"/>
        <line num="145" count="8" type="stmt"/>
        <line num="146" count="8" type="stmt"/>
        <line num="147" count="8" type="stmt"/>
        <line num="148" count="8" type="stmt"/>
        <line num="149" count="8" type="stmt"/>
        <line num="150" count="8" type="stmt"/>
        <line num="151" count="8" type="stmt"/>
        <line num="152" count="8" type="stmt"/>
        <line num="153" count="8" type="stmt"/>
        <line num="154" count="8" type="stmt"/>
        <line num="155" count="8" type="cond" truecount="1" falsecount="0"/>
        <line num="156" count="1" type="stmt"/>
        <line num="157" count="1" type="stmt"/>
        <line num="158" count="8" type="stmt"/>
        <line num="159" count="8" type="cond" truecount="1" falsecount="0"/>
        <line num="160" count="1" type="stmt"/>
        <line num="161" count="1" type="stmt"/>
        <line num="162" count="8" type="stmt"/>
        <line num="163" count="8" type="stmt"/>
        <line num="164" count="8" type="stmt"/>
        <line num="165" count="8" type="cond" truecount="1" falsecount="0"/>
        <line num="166" count="8" type="stmt"/>
        <line num="167" count="8" type="stmt"/>
        <line num="168" count="8" type="stmt"/>
        <line num="169" count="8" type="cond" truecount="1" falsecount="0"/>
        <line num="170" count="4" type="stmt"/>
        <line num="171" count="4" type="stmt"/>
        <line num="172" count="8" type="stmt"/>
        <line num="173" count="8" type="stmt"/>
        <line num="174" count="8" type="cond" truecount="1" falsecount="0"/>
        <line num="175" count="6" type="stmt"/>
        <line num="176" count="6" type="stmt"/>
        <line num="177" count="8" type="stmt"/>
        <line num="178" count="8" type="stmt"/>
        <line num="179" count="8" type="cond" truecount="0" falsecount="1"/>
        <line num="180" count="0" type="stmt"/>
        <line num="181" count="8" type="stmt"/>
        <line num="182" count="8" type="stmt"/>
        <line num="183" count="8" type="stmt"/>
        <line num="184" count="8" type="stmt"/>
        <line num="185" count="41" type="stmt"/>
        <line num="186" count="41" type="stmt"/>
        <line num="187" count="41" type="stmt"/>
        <line num="188" count="41" type="stmt"/>
        <line num="189" count="41" type="stmt"/>
        <line num="190" count="41" type="stmt"/>
        <line num="191" count="41" type="stmt"/>
        <line num="192" count="41" type="stmt"/>
        <line num="193" count="41" type="stmt"/>
        <line num="194" count="41" type="stmt"/>
        <line num="195" count="41" type="stmt"/>
        <line num="196" count="41" type="stmt"/>
        <line num="197" count="41" type="stmt"/>
        <line num="198" count="41" type="stmt"/>
        <line num="199" count="41" type="stmt"/>
        <line num="200" count="41" type="stmt"/>
        <line num="201" count="41" type="stmt"/>
        <line num="202" count="41" type="stmt"/>
        <line num="203" count="41" type="stmt"/>
        <line num="204" count="41" type="stmt"/>
        <line num="205" count="41" type="stmt"/>
        <line num="206" count="41" type="stmt"/>
        <line num="207" count="41" type="stmt"/>
        <line num="208" count="41" type="stmt"/>
        <line num="209" count="41" type="stmt"/>
        <line num="210" count="41" type="stmt"/>
        <line num="211" count="41" type="stmt"/>
        <line num="212" count="41" type="stmt"/>
        <line num="213" count="41" type="stmt"/>
        <line num="214" count="41" type="stmt"/>
        <line num="215" count="41" type="stmt"/>
        <line num="216" count="41" type="stmt"/>
        <line num="217" count="41" type="stmt"/>
        <line num="218" count="41" type="stmt"/>
        <line num="219" count="41" type="stmt"/>
        <line num="220" count="41" type="stmt"/>
        <line num="221" count="41" type="stmt"/>
        <line num="222" count="41" type="stmt"/>
        <line num="223" count="41" type="stmt"/>
        <line num="224" count="41" type="stmt"/>
        <line num="225" count="41" type="stmt"/>
        <line num="226" count="41" type="stmt"/>
        <line num="227" count="41" type="stmt"/>
        <line num="228" count="41" type="stmt"/>
        <line num="229" count="41" type="stmt"/>
        <line num="230" count="41" type="stmt"/>
        <line num="231" count="41" type="stmt"/>
        <line num="232" count="41" type="stmt"/>
        <line num="233" count="41" type="stmt"/>
        <line num="234" count="41" type="stmt"/>
        <line num="235" count="41" type="stmt"/>
        <line num="236" count="41" type="stmt"/>
        <line num="237" count="41" type="stmt"/>
        <line num="238" count="41" type="cond" truecount="1" falsecount="0"/>
        <line num="239" count="82" type="stmt"/>
        <line num="240" count="82" type="stmt"/>
        <line num="241" count="82" type="stmt"/>
        <line num="242" count="82" type="stmt"/>
        <line num="243" count="82" type="stmt"/>
        <line num="244" count="82" type="stmt"/>
        <line num="245" count="82" type="stmt"/>
        <line num="246" count="82" type="stmt"/>
        <line num="247" count="82" type="cond" truecount="1" falsecount="0"/>
        <line num="248" count="10" type="stmt"/>
        <line num="249" count="10" type="stmt"/>
        <line num="250" count="10" type="stmt"/>
        <line num="251" count="10" type="stmt"/>
        <line num="252" count="10" type="cond" truecount="1" falsecount="0"/>
        <line num="253" count="10" type="stmt"/>
        <line num="254" count="10" type="stmt"/>
        <line num="255" count="10" type="stmt"/>
        <line num="256" count="10" type="stmt"/>
        <line num="257" count="10" type="stmt"/>
        <line num="258" count="10" type="stmt"/>
        <line num="259" count="10" type="stmt"/>
        <line num="260" count="10" type="stmt"/>
        <line num="261" count="10" type="stmt"/>
        <line num="262" count="10" type="stmt"/>
        <line num="263" count="10" type="stmt"/>
        <line num="264" count="10" type="stmt"/>
        <line num="265" count="10" type="stmt"/>
        <line num="266" count="10" type="stmt"/>
        <line num="267" count="10" type="stmt"/>
        <line num="268" count="10" type="stmt"/>
        <line num="269" count="10" type="stmt"/>
        <line num="270" count="10" type="stmt"/>
        <line num="271" count="10" type="stmt"/>
        <line num="272" count="10" type="stmt"/>
        <line num="273" count="10" type="stmt"/>
        <line num="274" count="10" type="stmt"/>
        <line num="275" count="72" type="cond" truecount="1" falsecount="0"/>
        <line num="276" count="72" type="stmt"/>
        <line num="277" count="72" type="stmt"/>
        <line num="278" count="72" type="cond" truecount="1" falsecount="0"/>
        <line num="279" count="72" type="stmt"/>
        <line num="280" count="72" type="cond" truecount="2" falsecount="0"/>
        <line num="281" count="72" type="stmt"/>
        <line num="282" count="82" type="stmt"/>
        <line num="283" count="82" type="stmt"/>
        <line num="284" count="82" type="stmt"/>
        <line num="285" count="41" type="stmt"/>
        <line num="286" count="0" type="cond" truecount="0" falsecount="1"/>
        <line num="287" count="0" type="stmt"/>
        <line num="288" count="0" type="stmt"/>
        <line num="289" count="0" type="stmt"/>
        <line num="290" count="0" type="stmt"/>
        <line num="291" count="0" type="stmt"/>
        <line num="292" count="52" type="stmt"/>
        <line num="293" count="52" type="stmt"/>
        <line num="294" count="52" type="stmt"/>
        <line num="295" count="52" type="stmt"/>
        <line num="296" count="52" type="stmt"/>
        <line num="297" count="52" type="stmt"/>
        <line num="298" count="52" type="stmt"/>
        <line num="299" count="52" type="stmt"/>
        <line num="300" count="52" type="stmt"/>
        <line num="301" count="52" type="stmt"/>
        <line num="302" count="52" type="stmt"/>
        <line num="303" count="52" type="stmt"/>
        <line num="304" count="52" type="stmt"/>
        <line num="305" count="52" type="stmt"/>
        <line num="306" count="52" type="stmt"/>
        <line num="307" count="52" type="stmt"/>
        <line num="308" count="52" type="stmt"/>
        <line num="309" count="52" type="stmt"/>
        <line num="310" count="52" type="stmt"/>
        <line num="311" count="52" type="stmt"/>
        <line num="312" count="52" type="stmt"/>
        <line num="313" count="52" type="cond" truecount="2" falsecount="0"/>
        <line num="314" count="52" type="stmt"/>
        <line num="315" count="52" type="stmt"/>
        <line num="316" count="52" type="stmt"/>
        <line num="317" count="52" type="stmt"/>
        <line num="318" count="52" type="stmt"/>
        <line num="319" count="52" type="stmt"/>
        <line num="320" count="52" type="stmt"/>
        <line num="321" count="52" type="stmt"/>
        <line num="322" count="52" type="stmt"/>
        <line num="323" count="52" type="stmt"/>
        <line num="324" count="52" type="stmt"/>
        <line num="325" count="52" type="stmt"/>
        <line num="326" count="52" type="stmt"/>
[...]
        <line num="491" count="0" type="stmt"/>
        <line num="492" count="1" type="stmt"/>
        <line num="493" count="1" type="stmt"/>
        <line num="494" count="1" type="stmt"/>
        <line num="495" count="1" type="stmt"/>
        <line num="496" count="0" type="stmt"/>
        <line num="497" count="0" type="stmt"/>
        <line num="498" count="0" type="stmt"/>
        <line num="499" count="0" type="stmt"/>
        <line num="500" count="1" type="stmt"/>
        <line num="501" count="1" type="stmt"/>
        <line num="502" count="1" type="stmt"/>
        <line num="503" count="1" type="stmt"/>
        <line num="504" count="1" type="stmt"/>
        <line num="505" count="1" type="stmt"/>
        <line num="506" count="1" type="stmt"/>
        <line num="507" count="1" type="stmt"/>
        <line num="508" count="1" type="stmt"/>
        <line num="509" count="1" type="stmt"/>
        <line num="510" count="1" type="stmt"/>
        <line num="511" count="1" type="stmt"/>
        <line num="512" count="1" type="stmt"/>
        <line num="513" count="1" type="stmt"/>
        <line num="514" count="1" type="stmt"/>
        <line num="515" count="1" type="stmt"/>
        <line num="516" count="1" type="stmt"/>
        <line num="517" count="1" type="stmt"/>
        <line num="518" count="1" type="stmt"/>
        <line num="519" count="1" type="stmt"/>
      </file>
      <file name="variables.ts" path="C:\Users\j.weber\OneDrive - shopware AG\Dokumente\Programmieren\VibeFC\src\lib\store\variables.ts">
        <metrics statements="231" coveredstatements="211" conditionals="48" coveredconditionals="38" methods="13" coveredmethods="8"/>
        <line num="1" count="1" type="stmt"/>
        <line num="2" count="1" type="stmt"/>
        <line num="3" count="1" type="stmt"/>
        <line num="4" count="1" type="stmt"/>
        <line num="5" count="1" type="stmt"/>
        <line num="6" count="1" type="stmt"/>
        <line num="7" count="1" type="stmt"/>
        <line num="8" count="1" type="stmt"/>
        <line num="9" count="1" type="stmt"/>
        <line num="10" count="1" type="stmt"/>
        <line num="11" count="1" type="stmt"/>
        <line num="12" count="1" type="stmt"/>
        <line num="13" count="1" type="stmt"/>
        <line num="14" count="1" type="stmt"/>
        <line num="15" count="1" type="stmt"/>
        <line num="16" count="1" type="stmt"/>
        <line num="17" count="1" type="stmt"/>
        <line num="18" count="1" type="stmt"/>
        <line num="19" count="1" type="stmt"/>
        <line num="20" count="1" type="stmt"/>
        <line num="21" count="1" type="stmt"/>
        <line num="22" count="1" type="stmt"/>
        <line num="23" count="1" type="stmt"/>
        <line num="24" count="1" type="stmt"/>
        <line num="25" count="1" type="stmt"/>
        <line num="26" count="1" type="stmt"/>
        <line num="27" count="1" type="stmt"/>
        <line num="28" count="1" type="stmt"/>
        <line num="29" count="1" type="stmt"/>
        <line num="30" count="1" type="stmt"/>
        <line num="31" count="1" type="stmt"/>
        <line num="32" count="1" type="cond" truecount="1" falsecount="0"/>
        <line num="33" count="3" type="stmt"/>
        <line num="34" count="3" type="cond" truecount="1" falsecount="0"/>
        <line num="35" count="6" type="stmt"/>
        <line num="36" count="6" type="stmt"/>
        <line num="37" count="3" type="stmt"/>
        <line num="38" count="1" type="stmt"/>
        <line num="39" count="1" type="stmt"/>
        <line num="40" count="1" type="stmt"/>
        <line num="41" count="1" type="cond" truecount="1" falsecount="0"/>
        <line num="42" count="3" type="stmt"/>
        <line num="43" count="3" type="stmt"/>
        <line num="44" count="3" type="cond" truecount="1" falsecount="0"/>
        <line num="45" count="3" type="stmt"/>
        <line num="46" count="3" type="stmt"/>
        <line num="47" count="3" type="stmt"/>
        <line num="48" count="3" type="stmt"/>
        <line num="49" count="3" type="cond" truecount="1" falsecount="0"/>
        <line num="50" count="3" type="cond" truecount="1" falsecount="0"/>
        <line num="51" count="1" type="cond" truecount="1" falsecount="0"/>
        <line num="52" count="1" type="stmt"/>
        <line num="53" count="1" type="stmt"/>
        <line num="54" count="1" type="stmt"/>
        <line num="55" count="1" type="cond" truecount="1" falsecount="0"/>
        <line num="56" count="2" type="cond" truecount="1" falsecount="0"/>
        <line num="57" count="2" type="stmt"/>
        <line num="58" count="1" type="stmt"/>
        <line num="59" count="1" type="stmt"/>
        <line num="60" count="3" type="stmt"/>
        <line num="61" count="3" type="cond" truecount="1" falsecount="0"/>
        <line num="62" count="3" type="stmt"/>
        <line num="63" count="0" type="stmt"/>
        <line num="64" count="0" type="stmt"/>
        <line num="65" count="3" type="stmt"/>
        <line num="66" count="3" type="cond" truecount="1" falsecount="0"/>
        <line num="67" count="12" type="stmt"/>
        <line num="68" count="12" type="stmt"/>
        <line num="69" count="12" type="stmt"/>
        <line num="70" count="12" type="cond" truecount="0" falsecount="1"/>
        <line num="71" count="0" type="stmt"/>
        <line num="72" count="0" type="stmt"/>
        <line num="73" count="0" type="stmt"/>
        <line num="74" count="12" type="stmt"/>
        <line num="75" count="12" type="stmt"/>
        <line num="76" count="12" type="stmt"/>
        <line num="77" count="12" type="stmt"/>
        <line num="78" count="12" type="stmt"/>
        <line num="79" count="3" type="cond" truecount="2" falsecount="0"/>
        <line num="80" count="12" type="cond" truecount="1" falsecount="0"/>
        <line num="81" count="12" type="stmt"/>
        <line num="82" count="12" type="cond" truecount="1" falsecount="0"/>
        <line num="83" count="2" type="stmt"/>
        <line num="84" count="2" type="stmt"/>
        <line num="85" count="2" type="cond" truecount="1" falsecount="0"/>
        <line num="86" count="10" type="stmt"/>
        <line num="87" count="10" type="stmt"/>
        <line num="88" count="10" type="stmt"/>
        <line num="89" count="10" type="stmt"/>
        <line num="90" count="10" type="stmt"/>
        <line num="91" count="10" type="stmt"/>
        <line num="92" count="10" type="stmt"/>
        <line num="93" count="10" type="stmt"/>
        <line num="94" count="10" type="stmt"/>
        <line num="95" count="12" type="cond" truecount="0" falsecount="1"/>
        <line num="96" count="0" type="stmt"/>
        <line num="97" count="0" type="cond" truecount="1" falsecount="0"/>
        <line num="98" count="10" type="stmt"/>
        <line num="99" count="10" type="stmt"/>
        <line num="100" count="10" type="stmt"/>
        <line num="101" count="10" type="stmt"/>
        <line num="102" count="10" type="stmt"/>
        <line num="103" count="10" type="stmt"/>
        <line num="104" count="10" type="stmt"/>
        <line num="105" count="10" type="stmt"/>
        <line num="106" count="10" type="stmt"/>
        <line num="107" count="10" type="stmt"/>
        <line num="108" count="10" type="cond" truecount="1" falsecount="0"/>
        <line num="109" count="9" type="stmt"/>
        <line num="110" count="9" type="stmt"/>
        <line num="111" count="9" type="stmt"/>
        <line num="112" count="12" type="cond" truecount="1" falsecount="0"/>
        <line num="113" count="2" type="stmt"/>
        <line num="114" count="2" type="stmt"/>
        <line num="115" count="2" type="stmt"/>
        <line num="116" count="2" type="stmt"/>
        <line num="117" count="2" type="stmt"/>
        <line num="118" count="2" type="cond" truecount="0" falsecount="1"/>
        <line num="119" count="2" type="cond" truecount="1" falsecount="0"/>
        <line num="120" count="1" type="stmt"/>
        <line num="121" count="1" type="stmt"/>
        <line num="122" count="2" type="stmt"/>
        <line num="123" count="2" type="cond" truecount="1" falsecount="0"/>
        <line num="124" count="7" type="stmt"/>
        <line num="125" count="7" type="stmt"/>
        <line num="126" count="7" type="stmt"/>
        <line num="127" count="7" type="stmt"/>
        <line num="128" count="12" type="cond" truecount="0" falsecount="1"/>
        <line num="129" count="0" type="stmt"/>
        <line num="130" count="0" type="stmt"/>
        <line num="131" count="0" type="stmt"/>
        <line num="132" count="0" type="cond" truecount="1" falsecount="0"/>
        <line num="133" count="7" type="stmt"/>
        <line num="134" count="7" type="stmt"/>
        <line num="135" count="7" type="stmt"/>
        <line num="136" count="7" type="stmt"/>
        <line num="137" count="7" type="stmt"/>
        <line num="138" count="7" type="stmt"/>
        <line num="139" count="12" type="stmt"/>
        <line num="140" count="12" type="cond" truecount="3" falsecount="0"/>
        <line num="141" count="12" type="stmt"/>
        <line num="142" count="12" type="cond" truecount="0" falsecount="1"/>
        <line num="143" count="0" type="stmt"/>
        <line num="144" count="0" type="stmt"/>
        <line num="145" count="0" type="cond" truecount="1" falsecount="0"/>
        <line num="146" count="7" type="stmt"/>
        <line num="147" count="12" type="cond" truecount="2" falsecount="0"/>
        <line num="148" count="6" type="cond" truecount="1" falsecount="0"/>
        <line num="149" count="9" type="stmt"/>
        <line num="150" count="9" type="cond" truecount="1" falsecount="0"/>
        <line num="151" count="18" type="stmt"/>
        <line num="152" count="18" type="cond" truecount="0" falsecount="1"/>
        <line num="153" count="18" type="stmt"/>
        <line num="154" count="18" type="stmt"/>
        <line num="155" count="18" type="cond" truecount="1" falsecount="0"/>
        <line num="156" count="1" type="stmt"/>
        <line num="157" count="1" type="stmt"/>
        <line num="158" count="18" type="stmt"/>
        <line num="159" count="18" type="stmt"/>
        <line num="160" count="18" type="stmt"/>
        <line num="161" count="18" type="stmt"/>
        <line num="162" count="18" type="stmt"/>
        <line num="163" count="9" type="stmt"/>
        <line num="164" count="9" type="cond" truecount="0" falsecount="1"/>
        <line num="165" count="9" type="stmt"/>
        <line num="166" count="9" type="stmt"/>
        <line num="167" count="9" type="cond" truecount="1" falsecount="0"/>
        <line num="168" count="1" type="stmt"/>
        <line num="169" count="1" type="stmt"/>
        <line num="170" count="9" type="stmt"/>
        <line num="171" count="9" type="stmt"/>
        <line num="172" count="9" type="stmt"/>
        <line num="173" count="9" type="stmt"/>
        <line num="174" count="9" type="stmt"/>
        <line num="175" count="9" type="stmt"/>
        <line num="176" count="9" type="stmt"/>
        <line num="177" count="9" type="stmt"/>
        <line num="178" count="6" type="stmt"/>
        <line num="179" count="6" type="stmt"/>
        <line num="180" count="6" type="stmt"/>
        <line num="181" count="6" type="stmt"/>
        <line num="182" count="12" type="cond" truecount="1" falsecount="0"/>
        <line num="183" count="1" type="stmt"/>
        <line num="184" count="1" type="stmt"/>
        <line num="185" count="1" type="stmt"/>
        <line num="186" count="12" type="cond" truecount="1" falsecount="0"/>
        <line num="187" count="3" type="stmt"/>
        <line num="188" count="3" type="stmt"/>
        <line num="189" count="3" type="cond" truecount="0" falsecount="1"/>
        <line num="190" count="3" type="stmt"/>
        <line num="191" count="12" type="cond" truecount="1" falsecount="0"/>
        <line num="192" count="10" type="stmt"/>
        <line num="193" count="10" type="stmt"/>
        <line num="194" count="10" type="stmt"/>
        <line num="195" count="10" type="stmt"/>
        <line num="196" count="12" type="stmt"/>
        <line num="197" count="3" type="stmt"/>
        <line num="198" count="3" type="stmt"/>
        <line num="199" count="3" type="stmt"/>
        <line num="200" count="3" type="cond" truecount="1" falsecount="0"/>
        <line num="201" count="3" type="cond" truecount="2" falsecount="0"/>
        <line num="202" count="3" type="stmt"/>
        <line num="203" count="3" type="stmt"/>
        <line num="204" count="3" type="stmt"/>
        <line num="205" count="3" type="stmt"/>
        <line num="206" count="3" type="stmt"/>
        <line num="207" count="3" type="cond" truecount="0" falsecount="1"/>
        <line num="208" count="0" type="stmt"/>
        <line num="209" count="0" type="stmt"/>
        <line num="210" count="0" type="stmt"/>
        <line num="211" count="0" type="stmt"/>
        <line num="212" count="3" type="stmt"/>
        <line num="213" count="3" type="stmt"/>
        <line num="214" count="3" type="stmt"/>
        <line num="215" count="3" type="cond" truecount="0" falsecount="1"/>
        <line num="216" count="0" type="stmt"/>
        <line num="217" count="0" type="stmt"/>
        <line num="218" count="3" type="stmt"/>
        <line num="219" count="3" type="stmt"/>
        <line num="220" count="3" type="stmt"/>
        <line num="221" count="3" type="stmt"/>
        <line num="222" count="3" type="stmt"/>
        <line num="223" count="3" type="stmt"/>
        <line num="224" count="3" type="stmt"/>
        <line num="225" count="1" type="stmt"/>
        <line num="226" count="1" type="stmt"/>
        <line num="227" count="1" type="stmt"/>
        <line num="228" count="1" type="stmt"/>
        <line num="229" count="1" type="stmt"/>
        <line num="230" count="1" type="stmt"/>
        <line num="231" count="1" type="stmt"/>
      </file>
    </package>
    <package name="src.lib.utils">
      <metrics statements="29" coveredstatements="25" conditionals="3" coveredconditionals="3" methods="4" coveredmethods="3"/>
      <file name="logger.ts" path="C:\Users\j.weber\OneDrive - shopware AG\Dokumente\Programmieren\VibeFC\src\lib\utils\logger.ts">
        <metrics statements="29" coveredstatements="25" conditionals="3" coveredconditionals="3" methods="4" coveredmethods="3"/>
        <line num="1" count="1" type="stmt"/>
        <line num="2" count="1" type="stmt"/>
        <line num="3" count="1" type="stmt"/>
        <line num="4" count="1" type="stmt"/>
        <line num="5" count="1" type="stmt"/>
        <line num="6" count="1" type="cond" truecount="1" falsecount="0"/>
        <line num="7" count="85" type="stmt"/>
        <line num="8" count="85" type="stmt"/>
        <line num="9" count="85" type="stmt"/>
        <line num="10" count="1" type="stmt"/>
        <line num="11" count="1" type="stmt"/>
        <line num="12" count="1" type="cond" truecount="1" falsecount="0"/>
        <line num="13" count="5" type="stmt"/>
        <line num="14" count="5" type="stmt"/>
        <line num="15" count="5" type="stmt"/>
        <line num="16" count="1" type="stmt"/>
        <line num="17" count="1" type="stmt"/>
        <line num="18" count="1" type="cond" truecount="1" falsecount="0"/>
        <line num="19" count="2" type="stmt"/>
        <line num="20" count="2" type="stmt"/>
        <line num="21" count="2" type="stmt"/>
        <line num="22" count="1" type="stmt"/>
        <line num="23" count="1" type="stmt"/>
        <line num="24" count="1" type="stmt"/>
        <line num="25" count="0" type="stmt"/>
        <line num="26" count="0" type="stmt"/>
        <line num="27" count="0" type="stmt"/>
        <line num="28" count="0" type="stmt"/>
        <line num="29" count="1" type="stmt"/>
      </file>
    </package>
    <package name="src.providers">
      <metrics statements="74" coveredstatements="29" conditionals="3" coveredconditionals="2" methods="5" coveredmethods="2"/>
      <file name="error-boundary-provider.tsx" path="C:\Users\j.weber\OneDrive - shopware AG\Dokumente\Programmieren\VibeFC\src\providers\error-boundary-provider.tsx">
        <metrics statements="74" coveredstatements="29" conditionals="3" coveredconditionals="2" methods="5" coveredmethods="2"/>
        <line num="1" count="1" type="stmt"/>
        <line num="2" count="1" type="stmt"/>
        <line num="3" count="1" type="stmt"/>
        <line num="4" count="1" type="stmt"/>
        <line num="5" count="1" type="stmt"/>
        <line num="6" count="1" type="stmt"/>
        <line num="7" count="1" type="stmt"/>
        <line num="8" count="1" type="stmt"/>
        <line num="9" count="1" type="stmt"/>
        <line num="10" count="1" type="stmt"/>
        <line num="11" count="1" type="stmt"/>
        <line num="12" count="1" type="stmt"/>
        <line num="13" count="1" type="stmt"/>
        <line num="14" count="1" type="stmt"/>
        <line num="15" count="1" type="cond" truecount="1" falsecount="0"/>
        <line num="16" count="93" type="stmt"/>
        <line num="17" count="93" type="stmt"/>
        <line num="18" count="93" type="stmt"/>
        <line num="19" count="1" type="stmt"/>
        <line num="20" count="1" type="stmt"/>
        <line num="21" count="0" type="stmt"/>
        <line num="22" count="0" type="stmt"/>
        <line num="23" count="0" type="stmt"/>
        <line num="24" count="1" type="stmt"/>
        <line num="25" count="1" type="stmt"/>
        <line num="26" count="0" type="stmt"/>
        <line num="27" count="0" type="stmt"/>
        <line num="28" count="0" type="stmt"/>
        <line num="29" count="0" type="stmt"/>
        <line num="30" count="0" type="stmt"/>
        <line num="31" count="1" type="stmt"/>
        <line num="32" count="1" type="cond" truecount="1" falsecount="0"/>
        <line num="33" count="110" type="cond" truecount="0" falsecount="1"/>
        <line num="34" count="0" type="stmt"/>
        <line num="35" count="0" type="stmt"/>
        <line num="36" count="0" type="stmt"/>
        <line num="37" count="0" type="stmt"/>
        <line num="38" count="0" type="stmt"/>
        <line num="39" count="0" type="stmt"/>
        <line num="40" count="0" type="stmt"/>
        <line num="41" count="0" type="stmt"/>
        <line num="42" count="0" type="stmt"/>
        <line num="43" count="0" type="stmt"/>
        <line num="44" count="0" type="stmt"/>
        <line num="45" count="0" type="stmt"/>
        <line num="46" count="0" type="stmt"/>
        <line num="47" count="0" type="stmt"/>
        <line num="48" count="0" type="stmt"/>
        <line num="49" count="0" type="stmt"/>
        <line num="50" count="0" type="stmt"/>
        <line num="51" count="0" type="stmt"/>
        <line num="52" count="0" type="stmt"/>
        <line num="53" count="0" type="stmt"/>
        <line num="54" count="0" type="stmt"/>
        <line num="55" count="0" type="stmt"/>
        <line num="56" count="0" type="stmt"/>
        <line num="57" count="0" type="stmt"/>
        <line num="58" count="0" type="stmt"/>
        <line num="59" count="0" type="stmt"/>
        <line num="60" count="0" type="stmt"/>
        <line num="61" count="0" type="stmt"/>
        <line num="62" count="0" type="stmt"/>
        <line num="63" count="0" type="stmt"/>
        <line num="64" count="0" type="stmt"/>
        <line num="65" count="0" type="stmt"/>
        <line num="66" count="0" type="stmt"/>
        <line num="67" count="0" type="stmt"/>
        <line num="68" count="0" type="stmt"/>
        <line num="69" count="0" type="stmt"/>
        <line num="70" count="0" type="stmt"/>
        <line num="71" count="110" type="stmt"/>
        <line num="72" count="110" type="stmt"/>
        <line num="73" count="110" type="stmt"/>
        <line num="74" count="1" type="stmt"/>
      </file>
    </package>
  </project>
</coverage>
