{"C:\\Users\\j.weber\\OneDrive - shopware AG\\Dokumente\\Programmieren\\VibeFC\\src\\lib\\store\\forecast-graph-store\\utils\\date-utils.ts": {"path":"C:\\Users\\j.weber\\OneDrive - shopware AG\\Dokumente\\Programmieren\\VibeFC\\src\\lib\\store\\forecast-graph-store\\utils\\date-utils.ts","all":false,"statementMap":{"0":{"start":{"line":1,"column":0},"end":{"line":1,"column":65}},"1":{"start":{"line":2,"column":0},"end":{"line":2,"column":0}},"2":{"start":{"line":3,"column":0},"end":{"line":3,"column":3}},"3":{"start":{"line":4,"column":0},"end":{"line":4,"column":70}},"4":{"start":{"line":5,"column":0},"end":{"line":5,"column":66}},"5":{"start":{"line":6,"column":0},"end":{"line":6,"column":3}},"6":{"start":{"line":7,"column":0},"end":{"line":7,"column":55}},"7":{"start":{"line":8,"column":0},"end":{"line":8,"column":78}},"8":{"start":{"line":9,"column":0},"end":{"line":9,"column":46}},"9":{"start":{"line":10,"column":0},"end":{"line":10,"column":2}},"10":{"start":{"line":11,"column":0},"end":{"line":11,"column":0}},"11":{"start":{"line":12,"column":0},"end":{"line":12,"column":3}},"12":{"start":{"line":13,"column":0},"end":{"line":13,"column":39}},"13":{"start":{"line":14,"column":0},"end":{"line":14,"column":3}},"14":{"start":{"line":15,"column":0},"end":{"line":15,"column":60}},"15":{"start":{"line":16,"column":0},"end":{"line":16,"column":43}},"16":{"start":{"line":17,"column":0},"end":{"line":17,"column":28}},"17":{"start":{"line":18,"column":0},"end":{"line":18,"column":2}},"18":{"start":{"line":19,"column":0},"end":{"line":19,"column":0}},"19":{"start":{"line":20,"column":0},"end":{"line":20,"column":3}},"20":{"start":{"line":21,"column":0},"end":{"line":21,"column":48}},"21":{"start":{"line":22,"column":0},"end":{"line":22,"column":86}},"22":{"start":{"line":23,"column":0},"end":{"line":23,"column":3}},"23":{"start":{"line":24,"column":0},"end":{"line":24,"column":56}},"24":{"start":{"line":25,"column":0},"end":{"line":25,"column":57}},"25":{"start":{"line":26,"column":0},"end":{"line":26,"column":81}},"26":{"start":{"line":27,"column":0},"end":{"line":27,"column":2}},"27":{"start":{"line":28,"column":0},"end":{"line":28,"column":0}},"28":{"start":{"line":29,"column":0},"end":{"line":29,"column":3}},"29":{"start":{"line":30,"column":0},"end":{"line":30,"column":69}},"30":{"start":{"line":31,"column":0},"end":{"line":31,"column":3}},"31":{"start":{"line":32,"column":0},"end":{"line":32,"column":62}},"32":{"start":{"line":33,"column":0},"end":{"line":33,"column":40}},"33":{"start":{"line":34,"column":0},"end":{"line":34,"column":27}},"34":{"start":{"line":35,"column":0},"end":{"line":35,"column":24}},"35":{"start":{"line":36,"column":0},"end":{"line":36,"column":3}},"36":{"start":{"line":37,"column":0},"end":{"line":37,"column":25}},"37":{"start":{"line":38,"column":0},"end":{"line":38,"column":40}},"38":{"start":{"line":39,"column":0},"end":{"line":39,"column":2}},"39":{"start":{"line":40,"column":0},"end":{"line":40,"column":0}},"40":{"start":{"line":41,"column":0},"end":{"line":41,"column":3}},"41":{"start":{"line":42,"column":0},"end":{"line":42,"column":71}},"42":{"start":{"line":43,"column":0},"end":{"line":43,"column":3}},"43":{"start":{"line":44,"column":0},"end":{"line":44,"column":72}},"44":{"start":{"line":45,"column":0},"end":{"line":45,"column":31}},"45":{"start":{"line":46,"column":0},"end":{"line":46,"column":31}},"46":{"start":{"line":47,"column":0},"end":{"line":47,"column":22}},"47":{"start":{"line":48,"column":0},"end":{"line":48,"column":39}},"48":{"start":{"line":49,"column":0},"end":{"line":49,"column":33}},"49":{"start":{"line":50,"column":0},"end":{"line":50,"column":15}},"50":{"start":{"line":51,"column":0},"end":{"line":51,"column":56}},"51":{"start":{"line":52,"column":0},"end":{"line":52,"column":3}},"52":{"start":{"line":53,"column":0},"end":{"line":53,"column":24}},"53":{"start":{"line":54,"column":0},"end":{"line":54,"column":35}},"54":{"start":{"line":55,"column":0},"end":{"line":55,"column":83}},"55":{"start":{"line":56,"column":0},"end":{"line":56,"column":3}},"56":{"start":{"line":57,"column":0},"end":{"line":57,"column":14}},"57":{"start":{"line":58,"column":0},"end":{"line":58,"column":2}},"58":{"start":{"line":59,"column":0},"end":{"line":59,"column":0}},"59":{"start":{"line":60,"column":0},"end":{"line":60,"column":3}},"60":{"start":{"line":61,"column":0},"end":{"line":61,"column":96}},"61":{"start":{"line":62,"column":0},"end":{"line":62,"column":3}},"62":{"start":{"line":63,"column":0},"end":{"line":63,"column":65}},"63":{"start":{"line":64,"column":0},"end":{"line":64,"column":36}},"64":{"start":{"line":65,"column":0},"end":{"line":65,"column":40}},"65":{"start":{"line":66,"column":0},"end":{"line":66,"column":22}},"66":{"start":{"line":67,"column":0},"end":{"line":67,"column":36}},"67":{"start":{"line":68,"column":0},"end":{"line":68,"column":32}},"68":{"start":{"line":69,"column":0},"end":{"line":69,"column":51}},"69":{"start":{"line":70,"column":0},"end":{"line":70,"column":2}},"70":{"start":{"line":71,"column":0},"end":{"line":71,"column":0}},"71":{"start":{"line":72,"column":0},"end":{"line":72,"column":60}},"72":{"start":{"line":73,"column":0},"end":{"line":73,"column":42}},"73":{"start":{"line":74,"column":0},"end":{"line":74,"column":42}},"74":{"start":{"line":75,"column":0},"end":{"line":75,"column":27}},"75":{"start":{"line":76,"column":0},"end":{"line":76,"column":37}},"76":{"start":{"line":77,"column":0},"end":{"line":77,"column":2}},"77":{"start":{"line":78,"column":0},"end":{"line":78,"column":0}},"78":{"start":{"line":79,"column":0},"end":{"line":79,"column":3}},"79":{"start":{"line":80,"column":0},"end":{"line":80,"column":102}},"80":{"start":{"line":81,"column":0},"end":{"line":81,"column":99}},"81":{"start":{"line":82,"column":0},"end":{"line":82,"column":62}},"82":{"start":{"line":83,"column":0},"end":{"line":83,"column":3}},"83":{"start":{"line":84,"column":0},"end":{"line":84,"column":52}},"84":{"start":{"line":85,"column":0},"end":{"line":85,"column":53}},"85":{"start":{"line":86,"column":0},"end":{"line":86,"column":21}},"86":{"start":{"line":87,"column":0},"end":{"line":87,"column":27}},"87":{"start":{"line":88,"column":0},"end":{"line":88,"column":14}},"88":{"start":{"line":89,"column":0},"end":{"line":89,"column":53}},"89":{"start":{"line":90,"column":0},"end":{"line":90,"column":50}},"90":{"start":{"line":91,"column":0},"end":{"line":91,"column":41}},"91":{"start":{"line":92,"column":0},"end":{"line":92,"column":16}},"92":{"start":{"line":93,"column":0},"end":{"line":93,"column":15}},"93":{"start":{"line":94,"column":0},"end":{"line":94,"column":17}},"94":{"start":{"line":95,"column":0},"end":{"line":95,"column":52}},"95":{"start":{"line":96,"column":0},"end":{"line":96,"column":47}},"96":{"start":{"line":97,"column":0},"end":{"line":97,"column":6}},"97":{"start":{"line":98,"column":0},"end":{"line":98,"column":4}},"98":{"start":{"line":99,"column":0},"end":{"line":99,"column":37}},"99":{"start":{"line":100,"column":0},"end":{"line":100,"column":30}},"100":{"start":{"line":101,"column":0},"end":{"line":101,"column":20}},"101":{"start":{"line":102,"column":0},"end":{"line":102,"column":45}},"102":{"start":{"line":103,"column":0},"end":{"line":103,"column":41}},"103":{"start":{"line":104,"column":0},"end":{"line":104,"column":37}},"104":{"start":{"line":105,"column":0},"end":{"line":105,"column":2}},"105":{"start":{"line":106,"column":0},"end":{"line":106,"column":0}},"106":{"start":{"line":107,"column":0},"end":{"line":107,"column":3}},"107":{"start":{"line":108,"column":0},"end":{"line":108,"column":53}},"108":{"start":{"line":109,"column":0},"end":{"line":109,"column":3}},"109":{"start":{"line":110,"column":0},"end":{"line":110,"column":87}},"110":{"start":{"line":111,"column":0},"end":{"line":111,"column":28}},"111":{"start":{"line":112,"column":0},"end":{"line":112,"column":39}},"112":{"start":{"line":113,"column":0},"end":{"line":113,"column":35}},"113":{"start":{"line":114,"column":0},"end":{"line":114,"column":2}},"114":{"start":{"line":115,"column":0},"end":{"line":115,"column":86}},"115":{"start":{"line":116,"column":0},"end":{"line":116,"column":22}},"116":{"start":{"line":117,"column":0},"end":{"line":117,"column":32}},"117":{"start":{"line":118,"column":0},"end":{"line":118,"column":20}},"118":{"start":{"line":119,"column":0},"end":{"line":119,"column":30}},"119":{"start":{"line":120,"column":0},"end":{"line":120,"column":2}},"120":{"start":{"line":121,"column":0},"end":{"line":121,"column":34}},"121":{"start":{"line":122,"column":0},"end":{"line":122,"column":26}},"122":{"start":{"line":123,"column":0},"end":{"line":123,"column":35}},"123":{"start":{"line":124,"column":0},"end":{"line":124,"column":71}},"124":{"start":{"line":125,"column":0},"end":{"line":125,"column":51}},"125":{"start":{"line":126,"column":0},"end":{"line":126,"column":3}},"126":{"start":{"line":127,"column":0},"end":{"line":127,"column":2}},"127":{"start":{"line":128,"column":0},"end":{"line":128,"column":16}},"128":{"start":{"line":129,"column":0},"end":{"line":129,"column":2}}},"s":{"0":1,"1":1,"2":1,"3":1,"4":1,"5":1,"6":1,"7":2,"8":2,"9":2,"10":1,"11":1,"12":1,"13":1,"14":1,"15":0,"16":0,"17":0,"18":1,"19":1,"20":1,"21":1,"22":1,"23":1,"24":5,"25":5,"26":5,"27":1,"28":1,"29":1,"30":1,"31":1,"32":6,"33":6,"34":0,"35":0,"36":6,"37":6,"38":6,"39":1,"40":1,"41":1,"42":1,"43":1,"44":3,"45":3,"46":3,"47":3,"48":3,"49":3,"50":2,"51":2,"52":1,"53":1,"54":1,"55":1,"56":0,"57":0,"58":1,"59":1,"60":1,"61":1,"62":1,"63":4,"64":4,"65":4,"66":4,"67":4,"68":4,"69":4,"70":1,"71":1,"72":1,"73":1,"74":1,"75":1,"76":1,"77":1,"78":1,"79":1,"80":1,"81":1,"82":1,"83":1,"84":1,"85":1,"86":1,"87":1,"88":1,"89":1,"90":1,"91":1,"92":1,"93":1,"94":1,"95":1,"96":1,"97":1,"98":1,"99":1,"100":1,"101":1,"102":1,"103":1,"104":1,"105":1,"106":1,"107":1,"108":1,"109":1,"110":1,"111":1,"112":1,"113":1,"114":1,"115":1,"116":1,"117":1,"118":1,"119":1,"120":1,"121":1,"122":3,"123":3,"124":3,"125":3,"126":1,"127":1,"128":1},"branchMap":{"0":{"type":"branch","line":7,"loc":{"start":{"line":7,"column":28},"end":{"line":10,"column":2}},"locations":[{"start":{"line":7,"column":28},"end":{"line":10,"column":2}}]},"1":{"type":"branch","line":24,"loc":{"start":{"line":24,"column":32},"end":{"line":27,"column":2}},"locations":[{"start":{"line":24,"column":32},"end":{"line":27,"column":2}}]},"2":{"type":"branch","line":25,"loc":{"start":{"line":25,"column":39},"end":{"line":25,"column":56}},"locations":[{"start":{"line":25,"column":39},"end":{"line":25,"column":56}}]},"3":{"type":"branch","line":32,"loc":{"start":{"line":32,"column":35},"end":{"line":39,"column":2}},"locations":[{"start":{"line":32,"column":35},"end":{"line":39,"column":2}}]},"4":{"type":"branch","line":34,"loc":{"start":{"line":34,"column":26},"end":{"line":36,"column":3}},"locations":[{"start":{"line":34,"column":26},"end":{"line":36,"column":3}}]},"5":{"type":"branch","line":44,"loc":{"start":{"line":44,"column":39},"end":{"line":58,"column":2}},"locations":[{"start":{"line":44,"column":39},"end":{"line":58,"column":2}}]},"6":{"type":"branch","line":45,"loc":{"start":{"line":45,"column":19},"end":{"line":45,"column":31}},"locations":[{"start":{"line":45,"column":19},"end":{"line":45,"column":31}}]},"7":{"type":"branch","line":47,"loc":{"start":{"line":47,"column":10},"end":{"line":47,"column":22}},"locations":[{"start":{"line":47,"column":10},"end":{"line":47,"column":22}}]},"8":{"type":"branch","line":50,"loc":{"start":{"line":50,"column":14},"end":{"line":52,"column":3}},"locations":[{"start":{"line":50,"column":14},"end":{"line":52,"column":3}}]},"9":{"type":"branch","line":52,"loc":{"start":{"line":52,"column":2},"end":{"line":56,"column":3}},"locations":[{"start":{"line":52,"column":2},"end":{"line":56,"column":3}}]},"10":{"type":"branch","line":56,"loc":{"start":{"line":56,"column":2},"end":{"line":58,"column":2}},"locations":[{"start":{"line":56,"column":2},"end":{"line":58,"column":2}}]},"11":{"type":"branch","line":63,"loc":{"start":{"line":63,"column":35},"end":{"line":70,"column":2}},"locations":[{"start":{"line":63,"column":35},"end":{"line":70,"column":2}}]},"12":{"type":"branch","line":66,"loc":{"start":{"line":66,"column":10},"end":{"line":66,"column":22}},"locations":[{"start":{"line":66,"column":10},"end":{"line":66,"column":22}}]},"13":{"type":"branch","line":72,"loc":{"start":{"line":72,"column":25},"end":{"line":77,"column":2}},"locations":[{"start":{"line":72,"column":25},"end":{"line":77,"column":2}}]},"14":{"type":"branch","line":75,"loc":{"start":{"line":75,"column":18},"end":{"line":75,"column":27}},"locations":[{"start":{"line":75,"column":18},"end":{"line":75,"column":27}}]},"15":{"type":"branch","line":85,"loc":{"start":{"line":85,"column":2},"end":{"line":105,"column":2}},"locations":[{"start":{"line":85,"column":2},"end":{"line":105,"column":2}}]},"16":{"type":"branch","line":87,"loc":{"start":{"line":87,"column":15},"end":{"line":87,"column":27}},"locations":[{"start":{"line":87,"column":15},"end":{"line":87,"column":27}}]},"17":{"type":"branch","line":91,"loc":{"start":{"line":91,"column":29},"end":{"line":91,"column":41}},"locations":[{"start":{"line":91,"column":29},"end":{"line":91,"column":41}}]},"18":{"type":"branch","line":99,"loc":{"start":{"line":99,"column":25},"end":{"line":99,"column":37}},"locations":[{"start":{"line":99,"column":25},"end":{"line":99,"column":37}}]},"19":{"type":"branch","line":104,"loc":{"start":{"line":104,"column":29},"end":{"line":104,"column":36}},"locations":[{"start":{"line":104,"column":29},"end":{"line":104,"column":36}}]},"20":{"type":"branch","line":90,"loc":{"start":{"line":90,"column":26},"end":{"line":90,"column":48}},"locations":[{"start":{"line":90,"column":26},"end":{"line":90,"column":48}}]},"21":{"type":"branch","line":95,"loc":{"start":{"line":95,"column":14},"end":{"line":95,"column":51}},"locations":[{"start":{"line":95,"column":14},"end":{"line":95,"column":51}}]},"22":{"type":"branch","line":96,"loc":{"start":{"line":96,"column":17},"end":{"line":96,"column":46}},"locations":[{"start":{"line":96,"column":17},"end":{"line":96,"column":46}}]},"23":{"type":"branch","line":102,"loc":{"start":{"line":102,"column":10},"end":{"line":102,"column":44}},"locations":[{"start":{"line":102,"column":10},"end":{"line":102,"column":44}}]},"24":{"type":"branch","line":103,"loc":{"start":{"line":103,"column":13},"end":{"line":103,"column":39}},"locations":[{"start":{"line":103,"column":13},"end":{"line":103,"column":39}}]},"25":{"type":"branch","line":110,"loc":{"start":{"line":110,"column":38},"end":{"line":129,"column":2}},"locations":[{"start":{"line":110,"column":38},"end":{"line":129,"column":2}}]},"26":{"type":"branch","line":122,"loc":{"start":{"line":122,"column":25},"end":{"line":126,"column":3}},"locations":[{"start":{"line":122,"column":25},"end":{"line":126,"column":3}}]}},"b":{"0":[2],"1":[5],"2":[0],"3":[6],"4":[0],"5":[3],"6":[0],"7":[0],"8":[2],"9":[1],"10":[0],"11":[4],"12":[0],"13":[1],"14":[0],"15":[1],"16":[0],"17":[0],"18":[0],"19":[0],"20":[1],"21":[2],"22":[2],"23":[2],"24":[2],"25":[1],"26":[3]},"fnMap":{"0":{"name":"toLocalDate","decl":{"start":{"line":7,"column":28},"end":{"line":10,"column":2}},"loc":{"start":{"line":7,"column":28},"end":{"line":10,"column":2}},"line":7},"1":{"name":"formatToMmYyyy","decl":{"start":{"line":15,"column":31},"end":{"line":18,"column":2}},"loc":{"start":{"line":15,"column":31},"end":{"line":18,"column":2}},"line":15},"2":{"name":"dateToMmYyyyUtc","decl":{"start":{"line":24,"column":32},"end":{"line":27,"column":2}},"loc":{"start":{"line":24,"column":32},"end":{"line":27,"column":2}},"line":24},"3":{"name":"normalizeMmYyyyKey","decl":{"start":{"line":32,"column":35},"end":{"line":39,"column":2}},"loc":{"start":{"line":32,"column":35},"end":{"line":39,"column":2}},"line":32},"4":{"name":"coerceMonthToMmYyyyKey","decl":{"start":{"line":44,"column":39},"end":{"line":58,"column":2}},"loc":{"start":{"line":44,"column":39},"end":{"line":58,"column":2}},"line":44},"5":{"name":"mmYyyyToUtcMonthStartDate","decl":{"start":{"line":63,"column":35},"end":{"line":70,"column":2}},"loc":{"start":{"line":63,"column":35},"end":{"line":70,"column":2}},"line":63},"6":{"name":"compareMmYyyyAsc","decl":{"start":{"line":72,"column":25},"end":{"line":77,"column":2}},"loc":{"start":{"line":72,"column":25},"end":{"line":77,"column":2}},"line":72},"7":{"name":"monthsFromUnifiedCalculationResults","decl":{"start":{"line":85,"column":2},"end":{"line":105,"column":2}},"loc":{"start":{"line":85,"column":2},"end":{"line":105,"column":2}},"line":85},"8":{"name":"generateForecastMonths","decl":{"start":{"line":110,"column":38},"end":{"line":129,"column":2}},"loc":{"start":{"line":110,"column":38},"end":{"line":129,"column":2}},"line":110}},"f":{"0":2,"1":0,"2":5,"3":6,"4":3,"5":4,"6":1,"7":1,"8":1}}
}
