TN:
SF:src\app\api\data-intake\variables\route.ts
FN:3,GET
FN:22,POST
FN:78,PUT
FNF:3
FNH:1
FNDA:0,GET
FNDA:0,POST
FNDA:7,PUT
DA:1,1
DA:2,1
DA:3,1
DA:4,0
DA:5,0
DA:6,0
DA:7,0
DA:8,0
DA:9,0
DA:10,0
DA:11,0
DA:12,0
DA:13,0
DA:14,0
DA:15,0
DA:16,0
DA:17,0
DA:18,0
DA:19,0
DA:20,0
DA:21,1
DA:22,1
DA:23,0
DA:24,0
DA:25,0
DA:26,0
DA:27,0
DA:28,0
DA:29,0
DA:30,0
DA:31,0
DA:32,0
DA:33,0
DA:34,0
DA:35,0
DA:36,0
DA:37,0
DA:38,0
DA:39,0
DA:40,0
DA:41,0
DA:42,0
DA:43,0
DA:44,0
DA:45,0
DA:46,0
DA:47,0
DA:48,0
DA:49,0
DA:50,0
DA:51,0
DA:52,0
DA:53,0
DA:54,0
DA:55,0
DA:56,0
DA:57,0
DA:58,0
DA:59,0
DA:60,0
DA:61,0
DA:62,0
DA:63,0
DA:64,0
DA:65,0
DA:66,0
DA:67,0
DA:68,0
DA:69,0
DA:70,0
DA:71,0
DA:72,0
DA:73,0
DA:74,0
DA:75,0
DA:76,0
DA:77,1
DA:78,1
DA:79,7
DA:80,7
DA:81,7
DA:82,7
DA:83,7
DA:84,7
DA:85,7
DA:86,7
DA:87,2
DA:88,2
DA:89,2
DA:90,2
DA:91,2
DA:92,2
DA:93,5
DA:94,5
DA:95,5
DA:96,5
DA:97,5
DA:98,5
DA:99,5
DA:100,5
DA:101,5
DA:102,5
DA:103,5
DA:104,5
DA:105,5
DA:106,4
DA:107,4
DA:108,4
DA:109,4
DA:110,4
DA:111,4
DA:112,4
DA:113,4
DA:114,4
DA:115,4
DA:116,7
DA:117,7
DA:118,2
DA:119,2
DA:120,2
DA:121,2
DA:122,1
DA:123,1
DA:124,1
DA:125,1
DA:126,1
DA:127,1
DA:128,1
DA:129,1
DA:130,1
DA:131,1
DA:132,1
DA:133,1
DA:134,2
DA:135,2
DA:136,7
DA:137,1
DA:138,1
DA:139,1
DA:140,1
DA:141,1
DA:142,1
DA:143,1
DA:144,1
DA:145,1
DA:146,1
DA:147,1
DA:148,1
DA:149,1
DA:150,1
DA:151,1
DA:152,1
DA:153,1
DA:154,1
DA:155,7
DA:156,0
DA:157,0
DA:158,0
DA:159,0
DA:160,0
DA:161,7
DA:162,7
DA:163,7
DA:164,7
LF:164
LH:88
BRDA:78,0,0,7
BRDA:81,1,0,0
BRDA:86,2,0,6
BRDA:86,3,0,6
BRDA:86,4,0,2
BRDA:92,5,0,5
BRDA:105,6,0,4
BRDA:116,7,0,0
BRDA:117,8,0,2
BRDA:121,9,0,1
BRDA:136,10,0,1
BRDA:138,11,0,0
BRDA:149,12,0,0
BRDA:155,13,0,0
BRF:14
BRH:9
end_of_record
TN:
SF:src\app\data-intake\delete-confirmation-modal.tsx
FN:22,DeleteConfirmationModal
FN:28,handleConfirm
FNF:2
FNH:2
FNDA:5,DeleteConfirmationModal
FNDA:1,handleConfirm
DA:1,1
DA:2,1
DA:3,1
DA:4,1
DA:5,1
DA:6,1
DA:7,1
DA:8,1
DA:9,1
DA:10,1
DA:11,1
DA:12,1
DA:13,1
DA:14,1
DA:15,1
DA:16,1
DA:17,1
DA:18,1
DA:19,1
DA:20,1
DA:21,1
DA:22,1
DA:23,5
DA:24,5
DA:25,5
DA:26,5
DA:27,5
DA:28,5
DA:29,1
DA:30,1
DA:31,1
DA:32,5
DA:33,5
DA:34,4
DA:35,4
DA:36,4
DA:37,4
DA:38,4
DA:39,4
DA:40,4
DA:41,4
DA:42,4
DA:43,4
DA:44,4
DA:45,4
DA:46,4
DA:47,4
DA:48,4
DA:49,4
DA:50,4
DA:51,4
DA:52,4
DA:53,4
DA:54,4
DA:55,4
DA:56,4
DA:57,4
DA:58,4
DA:59,4
DA:60,4
DA:61,4
DA:62,4
DA:63,4
DA:64,4
DA:65,4
DA:66,4
DA:67,4
LF:67
LH:67
BRDA:22,0,0,5
BRDA:33,1,0,1
BRDA:34,2,0,4
BRDA:28,3,0,1
BRF:4
BRH:4
end_of_record
TN:
SF:src\app\data-intake\import-modal.tsx
FN:41,ImportModal
FN:61,handleActionChange
FN:73,handleReplaceTargetChange
FN:84,handleConfirm
FN:148,TableHeader
FN:169,ImportRow
FN:187,onValueChange
FN:205,onChange
FN:219,UpdateTargetSelect
FN:247,VariableTypeBadge
FNF:10
FNH:10
FNDA:17,ImportModal
FNDA:2,handleActionChange
FNDA:1,handleReplaceTargetChange
FNDA:3,handleConfirm
FNDA:15,TableHeader
FNDA:18,ImportRow
FNDA:2,onValueChange
FNDA:1,onChange
FNDA:2,UpdateTargetSelect
FNDA:18,VariableTypeBadge
DA:1,1
DA:2,1
DA:3,1
DA:4,1
DA:5,1
DA:6,1
DA:7,1
DA:8,1
DA:9,1
DA:10,1
DA:11,1
DA:12,1
DA:13,1
DA:14,1
DA:15,1
DA:16,1
DA:17,1
DA:18,1
DA:19,1
DA:20,1
DA:21,1
DA:22,1
DA:23,1
DA:24,1
DA:25,1
DA:26,1
DA:27,1
DA:28,1
DA:29,1
DA:30,1
DA:31,1
DA:32,1
DA:33,1
DA:34,1
DA:35,1
DA:36,1
DA:37,1
DA:38,1
DA:39,1
DA:40,1
DA:41,1
DA:42,17
DA:43,17
DA:44,17
DA:45,17
DA:46,17
DA:47,17
DA:48,17
DA:49,17
DA:50,17
DA:51,7
DA:52,7
DA:53,7
DA:54,14
DA:55,14
DA:56,7
DA:57,7
DA:58,7
DA:59,17
DA:60,17
DA:61,17
DA:62,2
DA:63,2
DA:64,2
DA:65,2
DA:66,2
DA:67,2
DA:68,2
DA:69,2
DA:70,2
DA:71,2
DA:72,17
DA:73,17
DA:74,1
DA:75,1
DA:76,1
DA:77,1
DA:78,1
DA:79,1
DA:80,1
DA:81,1
DA:82,1
DA:83,17
DA:84,17
DA:85,3
DA:86,3
DA:87,3
DA:88,17
DA:89,17
DA:90,15
DA:91,15
DA:92,15
DA:93,15
DA:94,15
DA:95,15
DA:96,15
DA:97,15
DA:98,15
DA:99,15
DA:100,15
DA:101,15
DA:102,15
DA:103,15
DA:104,15
DA:105,15
DA:106,15
DA:107,18
DA:108,18
DA:109,18
DA:110,18
DA:111,18
DA:112,18
DA:113,18
DA:114,18
DA:115,15
DA:116,15
DA:117,15
DA:118,15
DA:119,15
DA:120,15
DA:121,15
DA:122,15
DA:123,15
DA:124,15
DA:125,15
DA:126,15
DA:127,15
DA:128,15
DA:129,15
DA:130,15
DA:131,15
DA:132,15
DA:133,15
DA:134,15
DA:135,15
DA:136,15
DA:137,15
DA:138,15
DA:139,15
DA:140,15
DA:141,15
DA:142,15
DA:143,15
DA:144,15
DA:145,15
DA:146,15
DA:147,1
DA:148,15
DA:149,15
DA:150,15
DA:151,15
DA:152,15
DA:153,15
DA:154,15
DA:155,15
DA:156,15
DA:157,15
DA:158,15
DA:159,15
DA:160,1
DA:161,1
DA:162,1
DA:163,1
DA:164,1
DA:165,1
DA:166,1
DA:167,1
DA:168,1
DA:169,18
DA:170,18
DA:171,18
DA:172,18
DA:173,18
DA:174,18
DA:175,18
DA:176,18
DA:177,18
DA:178,18
DA:179,18
DA:180,18
DA:181,18
DA:182,18
DA:183,18
DA:184,18
DA:185,18
DA:186,18
DA:187,18
DA:188,18
DA:189,18
DA:190,18
DA:191,18
DA:192,18
DA:193,18
DA:194,18
DA:195,18
DA:196,18
DA:197,18
DA:198,18
DA:199,18
DA:200,18
DA:201,18
DA:202,2
DA:203,2
DA:204,2
DA:205,2
DA:206,2
DA:207,18
DA:208,18
DA:209,18
DA:210,18
DA:211,18
DA:212,1
DA:213,1
DA:214,1
DA:215,1
DA:216,1
DA:217,1
DA:218,1
DA:219,2
DA:220,2
DA:221,2
DA:222,2
DA:223,2
DA:224,2
DA:225,2
DA:226,2
DA:227,2
DA:228,2
DA:229,2
DA:230,2
DA:231,2
DA:232,2
DA:233,2
DA:234,4
DA:235,4
DA:236,4
DA:237,2
DA:238,2
DA:239,2
DA:240,2
DA:241,2
DA:242,1
DA:243,1
DA:244,1
DA:245,1
DA:246,1
DA:247,18
DA:248,18
DA:249,18
DA:250,18
DA:251,18
DA:252,18
DA:253,18
DA:254,18
DA:255,18
DA:256,18
DA:257,18
DA:258,18
DA:259,18
DA:260,18
LF:260
LH:260
BRDA:41,0,0,17
BRDA:89,1,0,2
BRDA:90,2,0,15
BRDA:50,3,0,7
BRDA:53,4,0,14
BRDA:61,5,0,2
BRDA:62,6,0,2
BRDA:67,7,0,1
BRDA:67,8,0,1
BRDA:73,9,0,1
BRDA:74,10,0,1
BRDA:84,11,0,3
BRDA:106,12,0,18
BRDA:148,13,0,15
BRDA:169,14,0,18
BRDA:201,15,0,2
BRDA:187,16,0,2
BRDA:205,17,0,1
BRDA:219,18,0,2
BRDA:226,19,0,1
BRDA:233,20,0,4
BRDA:247,21,0,18
BRF:22
BRH:22
end_of_record
TN:
SF:src\app\data-intake\page.tsx
FN:5,DataIntake
FNF:1
FNH:1
FNDA:1,DataIntake
DA:1,1
DA:2,1
DA:3,1
DA:4,1
DA:5,1
DA:6,1
DA:7,1
LF:7
LH:7
BRDA:5,0,0,1
BRF:1
BRH:1
end_of_record
TN:
SF:src\app\data-intake\_components\api-hooks.ts
FN:10,useVariableApi
FN:317,useCsvProcessor
FN:438,parseDate
FN:444,isValidVariableType
FNF:4
FNH:2
FNDA:4,useVariableApi
FNDA:4,useCsvProcessor
FNDA:0,parseDate
FNDA:0,isValidVariableType
DA:1,1
DA:2,1
DA:3,1
DA:4,1
DA:5,1
DA:6,1
DA:7,1
DA:8,1
DA:9,1
DA:10,1
DA:11,4
DA:12,4
DA:13,4
DA:14,4
DA:15,4
DA:16,4
DA:17,4
DA:18,0
DA:19,0
DA:20,0
DA:21,4
DA:22,4
DA:23,4
DA:24,0
DA:25,0
DA:26,0
DA:27,0
DA:28,0
DA:29,0
DA:30,0
DA:31,0
DA:32,0
DA:33,0
DA:34,0
DA:35,0
DA:36,0
DA:37,0
DA:38,0
DA:39,0
DA:40,0
DA:41,0
DA:42,0
DA:43,0
DA:44,0
DA:45,0
DA:46,0
DA:47,0
DA:48,0
DA:49,0
DA:50,0
DA:51,0
DA:52,0
DA:53,0
DA:54,0
DA:55,0
DA:56,0
DA:57,0
DA:58,0
DA:59,0
DA:60,0
DA:61,0
DA:62,0
DA:63,0
DA:64,0
DA:65,0
DA:66,0
DA:67,0
DA:68,0
DA:69,0
DA:70,0
DA:71,0
DA:72,0
DA:73,0
DA:74,0
DA:75,0
DA:76,0
DA:77,0
DA:78,0
DA:79,0
DA:80,0
DA:81,0
DA:82,0
DA:83,0
DA:84,0
DA:85,0
DA:86,0
DA:87,0
DA:88,0
DA:89,0
DA:90,0
DA:91,0
DA:92,0
DA:93,0
DA:94,0
DA:95,0
DA:96,0
DA:97,0
DA:98,0
DA:99,0
DA:100,0
DA:101,0
DA:102,0
DA:103,0
DA:104,0
DA:105,0
DA:106,0
DA:107,0
DA:108,0
DA:109,0
DA:110,0
DA:111,0
DA:112,0
DA:113,0
DA:114,0
DA:115,0
DA:116,4
DA:117,4
DA:118,4
DA:119,0
DA:120,0
DA:121,0
DA:122,0
DA:123,0
DA:124,0
DA:125,0
DA:126,0
DA:127,0
DA:128,0
DA:129,0
DA:130,0
DA:131,0
DA:132,0
DA:133,0
DA:134,0
DA:135,0
DA:136,0
DA:137,0
DA:138,0
DA:139,0
DA:140,0
DA:141,0
DA:142,0
DA:143,0
DA:144,0
DA:145,0
DA:146,0
DA:147,0
DA:148,0
DA:149,0
DA:150,0
DA:151,0
DA:152,0
DA:153,0
DA:154,0
DA:155,0
DA:156,0
DA:157,0
DA:158,0
DA:159,0
DA:160,0
DA:161,0
DA:162,0
DA:163,0
DA:164,0
DA:165,0
DA:166,0
DA:167,0
DA:168,0
DA:169,0
DA:170,0
DA:171,0
DA:172,0
DA:173,0
DA:174,0
DA:175,0
DA:176,0
DA:177,0
DA:178,0
DA:179,0
DA:180,0
DA:181,0
DA:182,0
DA:183,0
DA:184,0
DA:185,0
DA:186,0
DA:187,0
DA:188,0
DA:189,0
DA:190,0
DA:191,0
DA:192,0
DA:193,0
DA:194,0
DA:195,0
DA:196,0
DA:197,0
DA:198,0
DA:199,0
DA:200,0
DA:201,0
DA:202,0
DA:203,0
DA:204,0
DA:205,0
DA:206,0
DA:207,4
DA:208,4
DA:209,4
DA:210,0
DA:211,0
DA:212,0
DA:213,0
DA:214,0
DA:215,0
DA:216,0
DA:217,0
DA:218,0
DA:219,0
DA:220,0
DA:221,0
DA:222,0
DA:223,0
DA:224,0
DA:225,0
DA:226,0
DA:227,0
DA:228,0
DA:229,0
DA:230,0
DA:231,0
DA:232,0
DA:233,0
DA:234,0
DA:235,0
DA:236,0
DA:237,0
DA:238,0
DA:239,0
DA:240,0
DA:241,0
DA:242,0
DA:243,0
DA:244,0
DA:245,0
DA:246,0
DA:247,0
DA:248,0
DA:249,0
DA:250,0
DA:251,0
DA:252,0
DA:253,0
DA:254,0
DA:255,0
DA:256,0
DA:257,0
DA:258,0
DA:259,0
DA:260,0
DA:261,0
DA:262,0
DA:263,0
DA:264,0
DA:265,0
DA:266,0
DA:267,0
DA:268,0
DA:269,0
DA:270,0
DA:271,0
DA:272,0
DA:273,0
DA:274,0
DA:275,0
DA:276,0
DA:277,0
DA:278,0
DA:279,0
DA:280,0
DA:281,0
DA:282,0
DA:283,0
DA:284,0
DA:285,0
DA:286,0
DA:287,0
DA:288,0
DA:289,0
DA:290,0
DA:291,0
DA:292,0
DA:293,0
DA:294,0
DA:295,0
DA:296,0
DA:297,0
DA:298,0
DA:299,0
DA:300,0
DA:301,0
DA:302,0
DA:303,0
DA:304,0
DA:305,0
DA:306,4
DA:307,4
DA:308,4
DA:309,4
DA:310,4
DA:311,4
DA:312,4
DA:313,4
DA:314,4
DA:315,4
DA:316,1
DA:317,1
DA:318,4
DA:319,4
DA:320,4
DA:321,4
DA:322,4
DA:323,4
DA:324,0
DA:325,0
DA:326,0
DA:327,0
DA:328,0
DA:329,0
DA:330,0
DA:331,0
DA:332,0
DA:333,0
DA:334,0
DA:335,0
DA:336,0
DA:337,0
DA:338,0
DA:339,0
DA:340,0
DA:341,0
DA:342,0
DA:343,0
DA:344,0
DA:345,0
DA:346,0
DA:347,0
DA:348,0
DA:349,0
DA:350,0
DA:351,0
DA:352,0
DA:353,0
DA:354,0
DA:355,0
DA:356,0
DA:357,0
DA:358,0
DA:359,0
DA:360,0
DA:361,0
DA:362,0
DA:363,0
DA:364,0
DA:365,0
DA:366,0
DA:367,0
DA:368,0
DA:369,0
DA:370,0
DA:371,0
DA:372,0
DA:373,0
DA:374,0
DA:375,0
DA:376,0
DA:377,0
DA:378,0
DA:379,0
DA:380,0
DA:381,0
DA:382,0
DA:383,0
DA:384,0
DA:385,0
DA:386,0
DA:387,0
DA:388,0
DA:389,0
DA:390,0
DA:391,0
DA:392,0
DA:393,0
DA:394,0
DA:395,0
DA:396,0
DA:397,0
DA:398,0
DA:399,0
DA:400,0
DA:401,0
DA:402,0
DA:403,0
DA:404,0
DA:405,0
DA:406,0
DA:407,0
DA:408,0
DA:409,0
DA:410,0
DA:411,0
DA:412,0
DA:413,0
DA:414,0
DA:415,0
DA:416,0
DA:417,0
DA:418,0
DA:419,0
DA:420,0
DA:421,0
DA:422,0
DA:423,0
DA:424,4
DA:425,4
DA:426,4
DA:427,4
DA:428,4
DA:429,4
DA:430,4
DA:431,4
DA:432,4
DA:433,4
DA:434,4
DA:435,4
DA:436,1
DA:437,1
DA:438,1
DA:439,0
DA:440,0
DA:441,0
DA:442,0
DA:443,1
DA:444,1
DA:445,0
DA:446,0
DA:447,0
DA:448,0
LF:448
LH:61
BRDA:10,0,0,4
BRDA:317,1,0,4
BRF:2
BRH:2
end_of_record
TN:
SF:src\app\data-intake\_components\data-intake-container.tsx
FN:11,DataIntakeContainer
FN:131,onClose
FNF:2
FNH:1
FNDA:4,DataIntakeContainer
FNDA:0,onClose
DA:1,1
DA:2,1
DA:3,1
DA:4,1
DA:5,1
DA:6,1
DA:7,1
DA:8,1
DA:9,1
DA:10,1
DA:11,1
DA:12,4
DA:13,4
DA:14,4
DA:15,4
DA:16,4
DA:17,4
DA:18,4
DA:19,4
DA:20,4
DA:21,4
DA:22,4
DA:23,4
DA:24,4
DA:25,4
DA:26,4
DA:27,4
DA:28,4
DA:29,4
DA:30,4
DA:31,4
DA:32,4
DA:33,4
DA:34,4
DA:35,4
DA:36,4
DA:37,4
DA:38,4
DA:39,4
DA:40,4
DA:41,4
DA:42,4
DA:43,2
DA:44,4
DA:45,4
DA:46,4
DA:47,4
DA:48,4
DA:49,2
DA:50,2
DA:51,2
DA:52,2
DA:53,2
DA:54,1
DA:55,1
DA:56,4
DA:57,4
DA:58,4
DA:59,4
DA:60,4
DA:61,4
DA:62,4
DA:63,4
DA:64,0
DA:65,0
DA:66,0
DA:67,0
DA:68,0
DA:69,4
DA:70,4
DA:71,4
DA:72,0
DA:73,0
DA:74,0
DA:75,0
DA:76,0
DA:77,4
DA:78,4
DA:79,4
DA:80,0
DA:81,0
DA:82,4
DA:83,4
DA:84,4
DA:85,4
DA:86,1
DA:87,1
DA:88,3
DA:89,3
DA:90,4
DA:91,1
DA:92,1
DA:93,1
DA:94,1
DA:95,1
DA:96,1
DA:97,1
DA:98,1
DA:99,1
DA:100,1
DA:101,2
DA:102,2
DA:103,2
DA:104,2
DA:105,2
DA:106,2
DA:107,2
DA:108,2
DA:109,2
DA:110,2
DA:111,2
DA:112,2
DA:113,2
DA:114,2
DA:115,2
DA:116,1
DA:117,1
DA:118,1
DA:119,1
DA:120,1
DA:121,1
DA:122,1
DA:123,1
DA:124,1
DA:125,1
DA:126,4
DA:127,4
DA:128,4
DA:129,0
DA:130,0
DA:131,0
DA:132,0
DA:133,0
DA:134,0
DA:135,0
DA:136,4
DA:137,4
DA:138,4
DA:139,4
DA:140,4
DA:141,4
DA:142,4
DA:143,4
DA:144,4
DA:145,4
DA:146,4
LF:146
LH:127
BRDA:11,0,0,4
BRDA:85,1,0,1
BRDA:87,2,0,3
BRDA:90,3,0,1
BRDA:100,4,0,2
BRDA:115,5,0,1
BRDA:117,6,0,1
BRDA:128,7,0,0
BRDA:41,8,0,4
BRDA:42,9,0,2
BRDA:43,10,0,2
BRDA:48,11,0,2
BRDA:53,12,0,1
BRF:13
BRH:12
end_of_record
TN:
SF:src\app\data-intake\_components\data-status.tsx
FN:8,ApiStatus
FNF:1
FNH:1
FNDA:5,ApiStatus
DA:1,1
DA:2,1
DA:3,1
DA:4,1
DA:5,1
DA:6,1
DA:7,1
DA:8,1
DA:9,5
DA:10,2
DA:11,2
DA:12,2
DA:13,2
DA:14,1
DA:15,1
DA:16,1
DA:17,5
DA:18,5
DA:19,1
DA:20,1
DA:21,1
DA:22,5
DA:23,5
DA:24,5
DA:25,5
LF:25
LH:25
BRDA:8,0,0,5
BRDA:9,1,0,4
BRDA:9,2,0,3
BRDA:10,3,0,2
BRDA:13,4,0,1
BRDA:18,5,0,1
BRF:6
BRH:6
end_of_record
TN:
SF:src\app\data-intake\_components\data-table.tsx
FN:31,parseNumberInput
FN:44,formatNumberForEdit
FN:50,DataTable
FN:76,handleTypeChange
FN:94,startEditing
FN:100,confirmNameChange
FN:107,cancelNameChange
FN:113,startEditingValue
FN:119,confirmValueChange
FN:166,cancelValueChange
FN:248,TableRow
FN:277,onClick
FN:284,onClick
FN:294,onChange
FN:298,onKeyDown
FN:305,onClick
FN:326,onValueChange
FN:380,DataCell
FN:412,onChange
FN:415,onFocus
FN:416,onKeyDown
FN:427,onClick
FN:449,onClick
FN:462,VariableTypeBadge
FNF:24
FNH:13
FNDA:0,parseNumberInput
FNDA:0,formatNumberForEdit
FNDA:15,DataTable
FNDA:1,handleTypeChange
FNDA:2,startEditing
FNDA:1,confirmNameChange
FNDA:1,cancelNameChange
FNDA:0,startEditingValue
FNDA:0,confirmValueChange
FNDA:0,cancelValueChange
FNDA:30,TableRow
FNDA:1,onClick
FNDA:2,onClick
FNDA:2,onChange
FNDA:0,onKeyDown
FNDA:1,onClick
FNDA:1,onValueChange
FNDA:90,DataCell
FNDA:0,onChange
FNDA:0,onFocus
FNDA:0,onKeyDown
FNDA:0,onClick
FNDA:0,onClick
FNDA:126,VariableTypeBadge
DA:1,1
DA:2,1
DA:3,1
DA:4,1
DA:5,1
DA:6,1
DA:7,1
DA:8,1
DA:9,1
DA:10,1
DA:11,1
DA:12,1
DA:13,1
DA:14,1
DA:15,1
DA:16,1
DA:17,1
DA:18,1
DA:19,1
DA:20,1
DA:21,1
DA:22,1
DA:23,1
DA:24,1
DA:25,1
DA:26,1
DA:27,1
DA:28,1
DA:29,1
DA:30,1
DA:31,1
DA:32,0
DA:33,0
DA:34,0
DA:35,0
DA:36,0
DA:37,0
DA:38,0
DA:39,0
DA:40,0
DA:41,0
DA:42,1
DA:43,1
DA:44,1
DA:45,0
DA:46,0
DA:47,0
DA:48,0
DA:49,1
DA:50,1
DA:51,15
DA:52,15
DA:53,15
DA:54,15
DA:55,15
DA:56,15
DA:57,15
DA:58,15
DA:59,15
DA:60,15
DA:61,15
DA:62,9
DA:63,9
DA:64,9
DA:65,9
DA:66,9
DA:67,9
DA:68,9
DA:69,9
DA:70,9
DA:71,9
DA:72,9
DA:73,15
DA:74,15
DA:75,15
DA:76,15
DA:77,1
DA:78,1
DA:79,1
DA:80,1
DA:81,1
DA:82,1
DA:83,1
DA:84,1
DA:85,1
DA:86,1
DA:87,1
DA:88,1
DA:89,1
DA:90,1
DA:91,1
DA:92,15
DA:93,15
DA:94,15
DA:95,2
DA:96,2
DA:97,2
DA:98,15
DA:99,15
DA:100,15
DA:101,1
DA:102,1
DA:103,1
DA:104,1
DA:105,15
DA:106,15
DA:107,15
DA:108,1
DA:109,1
DA:110,1
DA:111,15
DA:112,15
DA:113,15
DA:114,0
DA:115,0
DA:116,0
DA:117,15
DA:118,15
DA:119,15
DA:120,0
DA:121,0
DA:122,0
DA:123,0
DA:124,0
DA:125,0
DA:126,0
DA:127,0
DA:128,0
DA:129,0
DA:130,0
DA:131,0
DA:132,0
DA:133,0
DA:134,0
DA:135,0
DA:136,0
DA:137,0
DA:138,0
DA:139,0
DA:140,0
DA:141,0
DA:142,0
DA:143,0
DA:144,0
DA:145,0
DA:146,0
DA:147,0
DA:148,0
DA:149,0
DA:150,0
DA:151,0
DA:152,0
DA:153,0
DA:154,0
DA:155,0
DA:156,0
DA:157,0
DA:158,0
DA:159,0
DA:160,0
DA:161,0
DA:162,0
DA:163,0
DA:164,15
DA:165,15
DA:166,15
DA:167,0
DA:168,0
DA:169,0
DA:170,15
DA:171,15
DA:172,15
DA:173,15
DA:174,15
DA:175,15
DA:176,15
DA:177,15
DA:178,15
DA:179,15
DA:180,15
DA:181,15
DA:182,15
DA:183,15
DA:184,15
DA:185,15
DA:186,45
DA:187,45
DA:188,45
DA:189,45
DA:190,45
DA:191,45
DA:192,15
DA:193,15
DA:194,15
DA:195,15
DA:196,15
DA:197,30
DA:198,30
DA:199,30
DA:200,30
DA:201,30
DA:202,30
DA:203,30
DA:204,30
DA:205,30
DA:206,30
DA:207,30
DA:208,30
DA:209,30
DA:210,30
DA:211,30
DA:212,30
DA:213,30
DA:214,30
DA:215,30
DA:216,30
DA:217,30
DA:218,15
DA:219,15
DA:220,15
DA:221,15
DA:222,15
DA:223,15
DA:224,15
DA:225,15
DA:226,1
DA:227,1
DA:228,1
DA:229,1
DA:230,1
DA:231,1
DA:232,1
DA:233,1
DA:234,1
DA:235,1
DA:236,1
DA:237,1
DA:238,1
DA:239,1
DA:240,1
DA:241,1
DA:242,1
DA:243,1
DA:244,1
DA:245,1
DA:246,1
DA:247,1
DA:248,30
DA:249,30
DA:250,30
DA:251,30
DA:252,30
DA:253,30
DA:254,30
DA:255,30
DA:256,30
DA:257,30
DA:258,30
DA:259,30
DA:260,30
DA:261,30
DA:262,30
DA:263,30
DA:264,30
DA:265,30
DA:266,30
DA:267,30
DA:268,30
DA:269,30
DA:270,30
DA:271,30
DA:272,30
DA:273,30
DA:274,30
DA:275,30
DA:276,30
DA:277,30
DA:278,30
DA:279,30
DA:280,30
DA:281,30
DA:282,30
DA:283,30
DA:284,30
DA:285,30
DA:286,30
DA:287,30
DA:288,30
DA:289,30
DA:290,4
DA:291,4
DA:292,4
DA:293,4
DA:294,4
DA:295,4
DA:296,4
DA:297,4
DA:298,4
DA:299,0
DA:300,0
DA:301,0
DA:302,4
DA:303,4
DA:304,4
DA:305,4
DA:306,4
DA:307,4
DA:308,4
DA:309,4
DA:310,4
DA:311,4
DA:312,4
DA:313,4
DA:314,4
DA:315,4
DA:316,4
DA:317,4
DA:318,26
DA:319,26
DA:320,30
DA:321,30
DA:322,30
DA:323,30
DA:324,30
DA:325,30
DA:326,30
DA:327,30
DA:328,30
DA:329,30
DA:330,30
DA:331,30
DA:332,30
DA:333,30
DA:334,30
DA:335,30
DA:336,30
DA:337,30
DA:338,30
DA:339,30
DA:340,30
DA:341,30
DA:342,30
DA:343,30
DA:344,30
DA:345,30
DA:346,30
DA:347,30
DA:348,30
DA:349,30
DA:350,30
DA:351,90
DA:352,90
DA:353,90
DA:354,90
DA:355,90
DA:356,90
DA:357,90
DA:358,90
DA:359,90
DA:360,90
DA:361,90
DA:362,90
DA:363,30
DA:364,30
DA:365,30
DA:366,30
DA:367,1
DA:368,1
DA:369,1
DA:370,1
DA:371,1
DA:372,1
DA:373,1
DA:374,1
DA:375,1
DA:376,1
DA:377,1
DA:378,1
DA:379,1
DA:380,90
DA:381,90
DA:382,90
DA:383,90
DA:384,90
DA:385,90
DA:386,90
DA:387,90
DA:388,90
DA:389,90
DA:390,90
DA:391,90
DA:392,90
DA:393,150
DA:394,150
DA:395,150
DA:396,90
DA:397,90
DA:398,90
DA:399,90
DA:400,90
DA:401,90
DA:402,90
DA:403,90
DA:404,90
DA:405,0
DA:406,0
DA:407,0
DA:408,0
DA:409,0
DA:410,0
DA:411,0
DA:412,0
DA:413,0
DA:414,0
DA:415,0
DA:416,0
DA:417,0
DA:418,0
DA:419,0
DA:420,0
DA:421,0
DA:422,0
DA:423,0
DA:424,0
DA:425,0
DA:426,0
DA:427,0
DA:428,0
DA:429,0
DA:430,0
DA:431,0
DA:432,0
DA:433,0
DA:434,0
DA:435,0
DA:436,0
DA:437,0
DA:438,0
DA:439,0
DA:440,0
DA:441,0
DA:442,0
DA:443,0
DA:444,90
DA:445,90
DA:446,90
DA:447,90
DA:448,90
DA:449,90
DA:450,90
DA:451,90
DA:452,90
DA:453,90
DA:454,90
DA:455,90
DA:456,90
DA:457,1
DA:458,1
DA:459,1
DA:460,1
DA:461,1
DA:462,126
DA:463,126
DA:464,126
DA:465,126
DA:466,126
DA:467,126
DA:468,126
DA:469,126
DA:470,126
DA:471,126
DA:472,126
DA:473,126
DA:474,126
DA:475,126
LF:475
LH:369
BRDA:50,0,0,15
BRDA:61,1,0,9
BRDA:64,2,0,0
BRDA:76,3,0,1
BRDA:79,4,0,0
BRDA:78,5,0,1
BRDA:94,6,0,2
BRDA:100,7,0,1
BRDA:107,8,0,1
BRDA:185,9,0,45
BRDA:196,10,0,30
BRDA:248,11,0,30
BRDA:270,12,0,15
BRDA:270,13,0,15
BRDA:289,14,0,4
BRDA:318,15,0,26
BRDA:277,16,0,1
BRDA:284,17,0,2
BRDA:294,18,0,2
BRDA:305,19,0,1
BRDA:326,20,0,1
BRDA:350,21,0,90
BRDA:380,22,0,90
BRDA:399,23,0,0
BRDA:402,24,0,60
BRDA:402,25,0,60
BRDA:402,26,0,30
BRDA:404,27,0,0
BRDA:452,28,0,30
BRDA:452,29,0,60
BRDA:392,30,0,150
BRDA:462,31,0,126
BRF:32
BRH:28
end_of_record
TN:
SF:src\app\data-intake\_components\state-display.tsx
FN:10,LoadingState
FN:30,ErrorState
FN:58,EmptyState
FNF:3
FNH:3
FNDA:2,LoadingState
FNDA:2,ErrorState
FNDA:2,EmptyState
DA:1,1
DA:2,1
DA:3,1
DA:4,1
DA:5,1
DA:6,1
DA:7,1
DA:8,1
DA:9,1
DA:10,1
DA:11,2
DA:12,2
DA:13,2
DA:14,2
DA:15,2
DA:16,2
DA:17,2
DA:18,2
DA:19,2
DA:20,2
DA:21,1
DA:22,1
DA:23,1
DA:24,1
DA:25,1
DA:26,1
DA:27,1
DA:28,1
DA:29,1
DA:30,1
DA:31,2
DA:32,2
DA:33,2
DA:34,2
DA:35,2
DA:36,2
DA:37,2
DA:38,2
DA:39,2
DA:40,2
DA:41,2
DA:42,2
DA:43,2
DA:44,2
DA:45,2
DA:46,2
DA:47,2
DA:48,2
DA:49,2
DA:50,2
DA:51,2
DA:52,2
DA:53,1
DA:54,1
DA:55,1
DA:56,1
DA:57,1
DA:58,1
DA:59,2
DA:60,2
DA:61,2
DA:62,2
DA:63,2
DA:64,2
LF:64
LH:64
BRDA:10,0,0,2
BRDA:30,1,0,2
BRDA:58,2,0,2
BRF:3
BRH:3
end_of_record
TN:
SF:src\app\data-intake\_components\utils.ts
FN:9,parseDate
FN:48,formatDate
FN:62,formatNumber
FN:103,isValidVariableType
FN:114,validateHeaders
FNF:5
FNH:2
FNDA:0,parseDate
FNDA:45,formatDate
FNDA:60,formatNumber
FNDA:0,isValidVariableType
FNDA:0,validateHeaders
DA:1,1
DA:2,1
DA:3,1
DA:4,1
DA:5,1
DA:6,1
DA:7,1
DA:8,1
DA:9,1
DA:10,0
DA:11,0
DA:12,0
DA:13,0
DA:14,0
DA:15,0
DA:16,0
DA:17,0
DA:18,0
DA:19,0
DA:20,0
DA:21,0
DA:22,0
DA:23,0
DA:24,0
DA:25,0
DA:26,0
DA:27,0
DA:28,0
DA:29,0
DA:30,0
DA:31,0
DA:32,0
DA:33,0
DA:34,0
DA:35,0
DA:36,0
DA:37,0
DA:38,0
DA:39,0
DA:40,0
DA:41,0
DA:42,1
DA:43,1
DA:44,1
DA:45,1
DA:46,1
DA:47,1
DA:48,1
DA:49,45
DA:50,0
DA:51,0
DA:52,0
DA:53,45
DA:54,45
DA:55,1
DA:56,1
DA:57,1
DA:58,1
DA:59,1
DA:60,1
DA:61,1
DA:62,1
DA:63,60
DA:64,60
DA:65,0
DA:66,0
DA:67,60
DA:68,60
DA:69,0
DA:70,0
DA:71,60
DA:72,60
DA:73,0
DA:74,0
DA:75,0
DA:76,0
DA:77,0
DA:78,0
DA:79,0
DA:80,0
DA:81,60
DA:82,60
DA:83,0
DA:84,0
DA:85,60
DA:86,60
DA:87,60
DA:88,60
DA:89,60
DA:90,60
DA:91,60
DA:92,60
DA:93,0
DA:94,0
DA:95,0
DA:96,60
DA:97,1
DA:98,1
DA:99,1
DA:100,1
DA:101,1
DA:102,1
DA:103,1
DA:104,0
DA:105,0
DA:106,0
DA:107,1
DA:108,1
DA:109,1
DA:110,1
DA:111,1
DA:112,1
DA:113,1
DA:114,1
DA:115,0
DA:116,0
DA:117,0
DA:118,0
DA:119,0
DA:120,0
DA:121,0
DA:122,0
DA:123,0
DA:124,0
DA:125,0
DA:126,0
DA:127,0
DA:128,0
DA:129,0
DA:130,0
DA:131,0
DA:132,0
DA:133,0
DA:134,0
DA:135,0
DA:136,0
DA:137,0
DA:138,0
DA:139,0
DA:140,0
DA:141,0
DA:142,0
DA:143,0
DA:144,0
DA:145,0
DA:146,0
DA:147,0
DA:148,0
DA:149,0
DA:150,0
DA:151,0
DA:152,0
LF:152
LH:59
BRDA:48,0,0,45
BRDA:49,1,0,0
BRDA:62,2,0,60
BRDA:64,3,0,0
BRDA:68,4,0,0
BRDA:72,5,0,0
BRDA:82,6,0,0
BRDA:92,7,0,0
BRF:8
BRH:2
end_of_record
TN:
SF:src\components\ui\button.tsx
FNF:0
FNH:0
DA:1,1
DA:2,1
DA:3,1
DA:4,1
DA:5,1
DA:6,1
DA:7,1
DA:8,1
DA:9,1
DA:10,1
DA:11,1
DA:12,1
DA:13,1
DA:14,1
DA:15,1
DA:16,1
DA:17,1
DA:18,1
DA:19,1
DA:20,1
DA:21,1
DA:22,1
DA:23,1
DA:24,1
DA:25,1
DA:26,1
DA:27,1
DA:28,1
DA:29,1
DA:30,1
DA:31,1
DA:32,1
DA:33,1
DA:34,1
DA:35,1
DA:36,1
DA:37,1
DA:38,1
DA:39,1
DA:40,1
DA:41,1
DA:42,1
DA:43,1
DA:44,41
DA:45,41
DA:46,41
DA:47,41
DA:48,41
DA:49,41
DA:50,41
DA:51,41
DA:52,41
DA:53,41
DA:54,1
DA:55,1
DA:56,1
LF:56
LH:56
BRDA:43,0,0,41
BRDA:44,1,0,0
BRF:2
BRH:1
end_of_record
TN:
SF:src\components\ui\dialog.tsx
FN:55,DialogHeader
FN:69,DialogFooter
FNF:2
FNH:2
FNDA:19,DialogHeader
FNDA:19,DialogFooter
DA:1,1
DA:2,1
DA:3,1
DA:4,1
DA:5,1
DA:6,1
DA:7,1
DA:8,1
DA:9,1
DA:10,1
DA:11,1
DA:12,1
DA:13,1
DA:14,1
DA:15,1
DA:16,1
DA:17,1
DA:18,1
DA:19,1
DA:20,29
DA:21,29
DA:22,29
DA:23,29
DA:24,29
DA:25,29
DA:26,29
DA:27,29
DA:28,29
DA:29,1
DA:30,1
DA:31,1
DA:32,1
DA:33,1
DA:34,1
DA:35,19
DA:36,19
DA:37,19
DA:38,19
DA:39,19
DA:40,19
DA:41,19
DA:42,19
DA:43,19
DA:44,19
DA:45,19
DA:46,19
DA:47,19
DA:48,19
DA:49,19
DA:50,19
DA:51,19
DA:52,19
DA:53,1
DA:54,1
DA:55,1
DA:56,19
DA:57,19
DA:58,19
DA:59,19
DA:60,19
DA:61,19
DA:62,19
DA:63,19
DA:64,19
DA:65,19
DA:66,19
DA:67,1
DA:68,1
DA:69,1
DA:70,19
DA:71,19
DA:72,19
DA:73,19
DA:74,19
DA:75,19
DA:76,19
DA:77,19
DA:78,19
DA:79,19
DA:80,19
DA:81,1
DA:82,1
DA:83,1
DA:84,1
DA:85,1
DA:86,1
DA:87,19
DA:88,19
DA:89,19
DA:90,19
DA:91,19
DA:92,19
DA:93,19
DA:94,19
DA:95,19
DA:96,1
DA:97,1
DA:98,1
DA:99,1
DA:100,1
DA:101,1
DA:102,19
DA:103,19
DA:104,19
DA:105,19
DA:106,19
DA:107,19
DA:108,1
DA:109,1
DA:110,1
DA:111,1
DA:112,1
DA:113,1
DA:114,1
DA:115,1
DA:116,1
DA:117,1
DA:118,1
DA:119,1
DA:120,1
DA:121,1
LF:121
LH:121
BRDA:19,0,0,29
BRDA:34,1,0,19
BRDA:55,2,0,19
BRDA:69,3,0,19
BRDA:86,4,0,19
BRDA:101,5,0,19
BRF:6
BRH:6
end_of_record
TN:
SF:src\components\ui\scroll-area.tsx
FNF:0
FNH:0
DA:1,1
DA:2,1
DA:3,1
DA:4,1
DA:5,1
DA:6,1
DA:7,1
DA:8,1
DA:9,1
DA:10,1
DA:11,1
DA:12,15
DA:13,15
DA:14,15
DA:15,15
DA:16,15
DA:17,15
DA:18,15
DA:19,15
DA:20,15
DA:21,15
DA:22,15
DA:23,15
DA:24,1
DA:25,1
DA:26,1
DA:27,1
DA:28,1
DA:29,1
DA:30,15
DA:31,15
DA:32,15
DA:33,15
DA:34,15
DA:35,15
DA:36,15
DA:37,15
DA:38,15
DA:39,15
DA:40,15
DA:41,15
DA:42,15
DA:43,15
DA:44,15
DA:45,15
DA:46,1
DA:47,1
DA:48,1
LF:48
LH:48
BRDA:11,0,0,15
BRDA:29,1,0,15
BRDA:37,2,0,0
BRF:3
BRH:2
end_of_record
TN:
SF:src\components\ui\select.tsx
FNF:0
FNH:0
DA:1,1
DA:2,1
DA:3,1
DA:4,1
DA:5,1
DA:6,1
DA:7,1
DA:8,1
DA:9,1
DA:10,1
DA:11,1
DA:12,1
DA:13,1
DA:14,1
DA:15,1
DA:16,1
DA:17,1
DA:18,1
DA:19,50
DA:20,50
DA:21,50
DA:22,50
DA:23,50
DA:24,50
DA:25,50
DA:26,50
DA:27,50
DA:28,50
DA:29,50
DA:30,50
DA:31,50
DA:32,50
DA:33,1
DA:34,1
DA:35,1
DA:36,1
DA:37,1
DA:38,1
DA:39,55
DA:40,55
DA:41,55
DA:42,55
DA:43,55
DA:44,55
DA:45,55
DA:46,55
DA:47,55
DA:48,55
DA:49,55
DA:50,1
DA:51,1
DA:52,1
DA:53,1
DA:54,1
DA:55,1
DA:56,55
DA:57,55
DA:58,55
DA:59,55
DA:60,55
DA:61,55
DA:62,55
DA:63,55
DA:64,55
DA:65,55
DA:66,55
DA:67,1
DA:68,1
DA:69,1
DA:70,1
DA:71,1
DA:72,1
DA:73,1
DA:74,50
DA:75,50
DA:76,50
DA:77,50
DA:78,50
DA:79,50
DA:80,50
DA:81,50
DA:82,50
DA:83,50
DA:84,50
DA:85,50
DA:86,50
DA:87,50
DA:88,50
DA:89,50
DA:90,50
DA:91,50
DA:92,50
DA:93,50
DA:94,50
DA:95,50
DA:96,50
DA:97,50
DA:98,50
DA:99,50
DA:100,1
DA:101,1
DA:102,1
DA:103,1
DA:104,1
DA:105,1
DA:106,0
DA:107,0
DA:108,0
DA:109,0
DA:110,0
DA:111,0
DA:112,1
DA:113,1
DA:114,1
DA:115,1
DA:116,1
DA:117,1
DA:118,162
DA:119,162
DA:120,162
DA:121,162
DA:122,162
DA:123,162
DA:124,162
DA:125,162
DA:126,162
DA:127,162
DA:128,162
DA:129,162
DA:130,162
DA:131,162
DA:132,162
DA:133,162
DA:134,162
DA:135,1
DA:136,1
DA:137,1
DA:138,1
DA:139,1
DA:140,1
DA:141,0
DA:142,0
DA:143,0
DA:144,0
DA:145,0
DA:146,0
DA:147,1
DA:148,1
DA:149,1
DA:150,1
DA:151,1
DA:152,1
DA:153,1
DA:154,1
DA:155,1
DA:156,1
DA:157,1
DA:158,1
DA:159,1
DA:160,1
LF:160
LH:148
BRDA:18,0,0,50
BRDA:38,1,0,55
BRDA:55,2,0,55
BRDA:73,3,0,50
BRDA:117,4,0,162
BRF:5
BRH:5
end_of_record
TN:
SF:src\lib\utils.ts
FN:11,cn
FNF:1
FNH:1
FNDA:621,cn
DA:1,1
DA:2,1
DA:3,1
DA:4,1
DA:5,1
DA:6,1
DA:7,1
DA:8,1
DA:9,1
DA:10,1
DA:11,1
DA:12,621
DA:13,621
LF:13
LH:13
BRDA:11,0,0,621
BRF:1
BRH:1
end_of_record
TN:
SF:src\lib\store\variables.ts
FN:28,rehydrateVariable
FN:37,createVariableStore
FN:40,name
FN:44,setVariables
FN:45,addVariables
FN:56,clearVariables
FN:57,fetchVariables
FN:172,onRehydrateStorage
FNF:8
FNH:8
FNDA:3,rehydrateVariable
FNDA:1,createVariableStore
FNDA:1,name
FNDA:1,setVariables
FNDA:1,addVariables
FNDA:1,clearVariables
FNDA:11,fetchVariables
FNDA:1,onRehydrateStorage
DA:1,1
DA:2,1
DA:3,1
DA:4,1
DA:5,1
DA:6,1
DA:7,1
DA:8,1
DA:9,1
DA:10,1
DA:11,1
DA:12,1
DA:13,1
DA:14,1
DA:15,1
DA:16,1
DA:17,1
DA:18,1
DA:19,1
DA:20,1
DA:21,1
DA:22,1
DA:23,1
DA:24,1
DA:25,1
DA:26,1
DA:27,1
DA:28,1
DA:29,3
DA:30,3
DA:31,6
DA:32,6
DA:33,3
DA:34,1
DA:35,1
DA:36,1
DA:37,1
DA:38,1
DA:39,1
DA:40,1
DA:41,1
DA:42,1
DA:43,1
DA:44,1
DA:45,1
DA:46,1
DA:47,1
DA:48,1
DA:49,1
DA:50,1
DA:51,2
DA:52,2
DA:53,1
DA:54,1
DA:55,1
DA:56,1
DA:57,1
DA:58,11
DA:59,11
DA:60,11
DA:61,11
DA:62,11
DA:63,11
DA:64,11
DA:65,11
DA:66,2
DA:67,2
DA:68,2
DA:69,9
DA:70,11
DA:71,1
DA:72,1
DA:73,1
DA:74,8
DA:75,8
DA:76,8
DA:77,8
DA:78,8
DA:79,8
DA:80,8
DA:81,8
DA:82,8
DA:83,8
DA:84,8
DA:85,8
DA:86,8
DA:87,8
DA:88,8
DA:89,7
DA:90,7
DA:91,7
DA:92,11
DA:93,2
DA:94,2
DA:95,2
DA:96,2
DA:97,2
DA:98,2
DA:99,2
DA:100,1
DA:101,1
DA:102,2
DA:103,2
DA:104,5
DA:105,5
DA:106,5
DA:107,5
DA:108,11
DA:109,0
DA:110,0
DA:111,0
DA:112,0
DA:113,5
DA:114,5
DA:115,5
DA:116,5
DA:117,5
DA:118,5
DA:119,11
DA:120,11
DA:121,11
DA:122,11
DA:123,0
DA:124,0
DA:125,0
DA:126,5
DA:127,11
DA:128,4
DA:129,5
DA:130,5
DA:131,10
DA:132,10
DA:133,10
DA:134,10
DA:135,10
DA:136,1
DA:137,1
DA:138,10
DA:139,10
DA:140,10
DA:141,10
DA:142,10
DA:143,5
DA:144,5
DA:145,5
DA:146,5
DA:147,5
DA:148,5
DA:149,5
DA:150,5
DA:151,5
DA:152,4
DA:153,4
DA:154,4
DA:155,4
DA:156,11
DA:157,1
DA:158,1
DA:159,1
DA:160,11
DA:161,3
DA:162,3
DA:163,3
DA:164,3
DA:165,3
DA:166,3
DA:167,11
DA:168,1
DA:169,1
DA:170,1
DA:171,1
DA:172,1
DA:173,1
DA:174,1
DA:175,1
DA:176,1
DA:177,1
DA:178,1
DA:179,0
DA:180,0
DA:181,0
DA:182,0
DA:183,1
DA:184,1
DA:185,1
DA:186,1
DA:187,0
DA:188,0
DA:189,1
DA:190,1
DA:191,1
DA:192,1
DA:193,1
DA:194,0
DA:195,0
DA:196,1
DA:197,1
DA:198,1
DA:199,1
DA:200,1
DA:201,1
DA:202,1
DA:203,1
LF:203
LH:188
BRDA:28,0,0,3
BRDA:30,1,0,6
BRDA:37,2,0,1
BRDA:40,3,0,1
BRDA:44,4,0,1
BRDA:45,5,0,1
BRDA:46,6,0,1
BRDA:50,7,0,2
BRDA:51,8,0,2
BRDA:56,9,0,1
BRDA:57,10,0,11
BRDA:65,11,0,2
BRDA:68,12,0,9
BRDA:70,13,0,1
BRDA:73,14,0,8
BRDA:88,15,0,7
BRDA:92,16,0,2
BRDA:98,17,0,0
BRDA:99,18,0,1
BRDA:103,19,0,5
BRDA:108,20,0,0
BRDA:112,21,0,5
BRDA:120,22,0,5
BRDA:120,23,0,4
BRDA:120,24,0,2
BRDA:122,25,0,0
BRDA:125,26,0,5
BRDA:127,27,0,4
BRDA:127,28,0,4
BRDA:156,29,0,1
BRDA:160,30,0,3
BRDA:163,31,0,0
BRDA:128,32,0,5
BRDA:144,33,0,0
BRDA:130,34,0,10
BRDA:132,35,0,0
BRDA:135,36,0,1
BRDA:171,37,0,1
BRDA:172,38,0,1
BRDA:172,39,0,1
BRDA:178,40,0,0
BRDA:186,41,0,0
BRF:42
BRH:34
end_of_record
