TN:
SF:src\lib\api\forecast-calculation.ts
FN:121,getAuthToken
FN:137,fetchWithAuth
FN:197,transformFromDto
FN:239,transformUnifiedFromDto
FN:321,calculateForecast
FN:348,calculateHistoricalValues
FN:380,getCalculationResults
FN:420,getCalculationHistory
FN:446,checkCalculationHealth
FN:469,calculateUnified
FN:529,getUnifiedCalculationResults
FNF:11
FNH:7
FNDA:20,getAuthToken
FNDA:20,fetchWithAuth
FNDA:10,transformFromDto
FNDA:0,transformUnifiedFromDto
FNDA:10,calculateForecast
FNDA:0,calculateHistoricalValues
FNDA:4,getCalculationResults
FNDA:3,getCalculationHistory
FNDA:3,checkCalculationHealth
FNDA:0,calculateUnified
FNDA:0,getUnifiedCalculationResults
DA:1,1
DA:2,1
DA:3,1
DA:4,1
DA:5,1
DA:6,1
DA:7,1
DA:8,1
DA:9,1
DA:10,1
DA:11,1
DA:12,1
DA:13,1
DA:14,1
DA:15,1
DA:16,1
DA:17,1
DA:18,1
DA:19,1
DA:20,1
DA:21,1
DA:22,1
DA:23,1
DA:24,1
DA:25,1
DA:26,1
DA:27,1
DA:28,1
DA:29,1
DA:30,1
DA:31,1
DA:32,1
DA:33,1
DA:34,1
DA:35,1
DA:36,1
DA:37,1
DA:38,1
DA:39,1
DA:40,1
DA:41,1
DA:42,1
DA:43,1
DA:44,1
DA:45,1
DA:46,1
DA:47,1
DA:48,1
DA:49,1
DA:50,1
DA:51,1
DA:52,1
DA:53,1
DA:54,1
DA:55,1
DA:56,1
DA:57,1
DA:58,1
DA:59,1
DA:60,1
DA:61,1
DA:62,1
DA:63,1
DA:64,1
DA:65,1
DA:66,1
DA:67,1
DA:68,1
DA:69,1
DA:70,1
DA:71,1
DA:72,1
DA:73,1
DA:74,1
DA:75,1
DA:76,1
DA:77,1
DA:78,1
DA:79,1
DA:80,1
DA:81,1
DA:82,1
DA:83,1
DA:84,1
DA:85,1
DA:86,1
DA:87,1
DA:88,1
DA:89,1
DA:90,1
DA:91,1
DA:92,1
DA:93,1
DA:94,1
DA:95,1
DA:96,1
DA:97,1
DA:98,1
DA:99,1
DA:100,1
DA:101,1
DA:102,1
DA:103,1
DA:104,1
DA:105,1
DA:106,1
DA:107,1
DA:108,1
DA:109,1
DA:110,1
DA:111,1
DA:112,1
DA:113,1
DA:114,1
DA:115,1
DA:116,1
DA:117,1
DA:118,1
DA:119,1
DA:120,1
DA:121,20
DA:122,20
DA:123,20
DA:124,20
DA:125,20
DA:126,20
DA:127,20
DA:128,19
DA:129,19
DA:130,20
DA:131,1
DA:132,1
DA:133,1
DA:134,1
DA:135,1
DA:136,1
DA:137,20
DA:138,20
DA:139,20
DA:140,20
DA:141,20
DA:142,20
DA:143,20
DA:144,20
DA:145,20
DA:146,20
DA:147,19
DA:148,19
DA:149,20
DA:150,20
DA:151,20
DA:152,20
DA:153,20
DA:154,19
DA:155,19
DA:156,20
DA:157,0
DA:158,0
DA:159,19
DA:160,19
DA:161,19
DA:162,19
DA:163,20
DA:164,20
DA:165,0
DA:166,0
DA:167,0
DA:168,0
DA:169,0
DA:170,0
DA:171,0
DA:172,0
DA:173,0
DA:174,19
DA:175,20
DA:176,5
DA:177,5
DA:178,5
DA:179,5
DA:180,5
DA:181,5
DA:182,5
DA:183,14
DA:184,14
DA:185,20
DA:186,1
DA:187,1
DA:188,1
DA:189,1
DA:190,1
DA:191,1
DA:192,20
DA:193,1
DA:194,1
DA:195,1
DA:196,1
DA:197,10
DA:198,10
DA:199,10
DA:200,10
DA:201,10
DA:202,8
DA:203,8
DA:204,8
DA:205,8
DA:206,8
DA:207,8
DA:208,8
DA:209,8
DA:210,8
DA:211,10
DA:212,10
DA:213,10
DA:214,10
DA:215,10
DA:216,0
DA:217,0
DA:218,0
DA:219,0
DA:220,0
DA:221,0
DA:222,0
DA:223,0
DA:224,0
DA:225,0
DA:226,0
DA:227,0
DA:228,0
DA:229,0
DA:230,0
DA:231,10
DA:232,10
DA:233,10
DA:234,10
DA:235,1
DA:236,1
DA:237,1
DA:238,1
DA:239,0
DA:240,0
DA:241,0
DA:242,0
DA:243,0
DA:244,0
DA:245,0
DA:246,0
DA:247,0
DA:248,0
DA:249,0
DA:250,0
DA:251,0
DA:252,0
DA:253,0
DA:254,0
DA:255,0
DA:256,0
DA:257,0
DA:258,0
DA:259,0
DA:260,0
DA:261,0
DA:262,0
DA:263,0
DA:264,0
DA:265,0
DA:266,0
DA:267,0
DA:268,0
DA:269,0
DA:270,0
DA:271,0
DA:272,0
DA:273,0
DA:274,0
DA:275,0
DA:276,0
DA:277,0
DA:278,0
DA:279,0
DA:280,0
DA:281,0
DA:282,0
DA:283,0
DA:284,0
DA:285,0
DA:286,0
DA:287,0
DA:288,0
DA:289,0
DA:290,0
DA:291,0
DA:292,0
DA:293,0
DA:294,0
DA:295,0
DA:296,0
DA:297,0
DA:298,0
DA:299,1
DA:300,1
DA:301,1
DA:302,1
DA:303,1
DA:304,1
DA:305,1
DA:306,1
DA:307,1
DA:308,1
DA:309,1
DA:310,1
DA:311,1
DA:312,1
DA:313,1
DA:314,1
DA:315,1
DA:316,1
DA:317,1
DA:318,1
DA:319,1
DA:320,1
DA:321,1
DA:322,10
DA:323,10
DA:324,10
DA:325,10
DA:326,10
DA:327,10
DA:328,10
DA:329,10
DA:330,10
DA:331,10
DA:332,2
DA:333,2
DA:334,2
DA:335,8
DA:336,10
DA:337,1
DA:338,1
DA:339,7
DA:340,7
DA:341,7
DA:342,1
DA:343,1
DA:344,1
DA:345,1
DA:346,1
DA:347,1
DA:348,1
DA:349,0
DA:350,0
DA:351,0
DA:352,0
DA:353,0
DA:354,0
DA:355,0
DA:356,0
DA:357,0
DA:358,0
DA:359,0
DA:360,0
DA:361,0
DA:362,0
DA:363,0
DA:364,0
DA:365,0
DA:366,0
DA:367,0
DA:368,0
DA:369,0
DA:370,0
DA:371,0
DA:372,0
DA:373,0
DA:374,0
DA:375,1
DA:376,1
DA:377,1
DA:378,1
DA:379,1
DA:380,1
DA:381,4
DA:382,4
DA:383,4
DA:384,4
DA:385,4
DA:386,4
DA:387,4
DA:388,4
DA:389,4
DA:390,4
DA:391,2
DA:392,1
DA:393,1
DA:394,1
DA:395,1
DA:396,1
DA:397,1
DA:398,2
DA:399,4
DA:400,1
DA:401,1
DA:402,1
DA:403,1
DA:404,1
DA:405,1
DA:406,1
DA:407,1
DA:408,4
DA:409,4
DA:410,4
DA:411,4
DA:412,4
DA:413,4
DA:414,4
DA:415,1
DA:416,1
DA:417,1
DA:418,1
DA:419,1
DA:420,1
DA:421,3
DA:422,3
DA:423,3
DA:424,3
DA:425,3
DA:426,3
DA:427,3
DA:428,3
DA:429,3
DA:430,3
DA:431,1
DA:432,1
DA:433,1
DA:434,2
DA:435,3
DA:436,0
DA:437,0
DA:438,2
DA:439,2
DA:440,2
DA:441,1
DA:442,1
DA:443,1
DA:444,1
DA:445,1
DA:446,1
DA:447,3
DA:448,3
DA:449,3
DA:450,3
DA:451,3
DA:452,3
DA:453,3
DA:454,3
DA:455,1
DA:456,1
DA:457,1
DA:458,2
DA:459,3
DA:460,0
DA:461,0
DA:462,2
DA:463,2
DA:464,1
DA:465,1
DA:466,1
DA:467,1
DA:468,1
DA:469,1
DA:470,0
DA:471,0
DA:472,0
DA:473,0
DA:474,0
DA:475,0
DA:476,0
DA:477,0
DA:478,0
DA:479,0
DA:480,0
DA:481,0
DA:482,0
DA:483,0
DA:484,0
DA:485,0
DA:486,0
DA:487,0
DA:488,0
DA:489,0
DA:490,0
DA:491,0
DA:492,0
DA:493,0
DA:494,0
DA:495,0
DA:496,0
DA:497,0
DA:498,0
DA:499,0
DA:500,0
DA:501,0
DA:502,0
DA:503,0
DA:504,0
DA:505,0
DA:506,0
DA:507,0
DA:508,0
DA:509,0
DA:510,0
DA:511,0
DA:512,0
DA:513,0
DA:514,0
DA:515,0
DA:516,0
DA:517,0
DA:518,0
DA:519,0
DA:520,0
DA:521,0
DA:522,0
DA:523,0
DA:524,1
DA:525,1
DA:526,1
DA:527,1
DA:528,1
DA:529,1
DA:530,0
DA:531,0
DA:532,0
DA:533,0
DA:534,0
DA:535,0
DA:536,0
DA:537,0
DA:538,0
DA:539,0
DA:540,0
DA:541,0
DA:542,0
DA:543,0
DA:544,0
DA:545,0
DA:546,0
DA:547,0
DA:548,0
DA:549,0
DA:550,0
DA:551,0
DA:552,0
DA:553,0
DA:554,0
DA:555,0
DA:556,1
DA:557,1
DA:558,1
DA:559,1
DA:560,1
DA:561,1
DA:562,1
DA:563,1
DA:564,1
DA:565,1
DA:566,1
DA:567,1
DA:568,1
DA:569,1
DA:570,1
LF:570
LH:374
BRDA:121,0,0,20
BRDA:122,1,0,0
BRDA:127,2,0,19
BRDA:130,3,0,1
BRDA:137,4,0,20
BRDA:146,5,0,19
BRDA:153,6,0,19
BRDA:156,7,0,0
BRDA:158,8,0,19
BRDA:163,9,0,17
BRDA:163,10,0,2
BRDA:164,11,0,0
BRDA:173,12,0,19
BRDA:175,13,0,5
BRDA:178,14,0,0
BRDA:178,15,0,0
BRDA:182,16,0,14
BRDA:185,17,0,1
BRDA:188,18,0,0
BRDA:197,19,0,10
BRDA:215,20,0,0
BRDA:201,21,0,8
BRDA:203,22,0,8
BRDA:321,23,0,10
BRDA:331,24,0,2
BRDA:334,25,0,8
BRDA:336,26,0,1
BRDA:338,27,0,7
BRDA:380,28,0,4
BRDA:390,29,0,2
BRDA:391,30,0,1
BRDA:399,31,0,1
BRDA:409,32,0,0
BRDA:410,33,0,1
BRDA:411,34,0,0
BRDA:420,35,0,3
BRDA:430,36,0,1
BRDA:433,37,0,2
BRDA:435,38,0,0
BRDA:437,39,0,2
BRDA:446,40,0,3
BRDA:454,41,0,1
BRDA:457,42,0,2
BRDA:459,43,0,0
BRDA:461,44,0,2
BRF:45
BRH:34
end_of_record
TN:
SF:src\lib\api\join-backend-url.ts
FN:6,joinBackendUrl
FNF:1
FNH:1
FNDA:20,joinBackendUrl
DA:1,1
DA:2,1
DA:3,1
DA:4,1
DA:5,1
DA:6,1
DA:7,20
DA:8,20
DA:9,20
DA:10,20
DA:11,20
DA:12,0
DA:13,0
DA:14,20
DA:15,20
DA:16,20
LF:16
LH:14
BRDA:6,0,0,20
BRDA:10,1,0,0
BRDA:11,2,0,0
BRF:3
BRH:1
end_of_record
